This is pdfTeX, Version 3.14159265-2.6-1.40.17 (TeX Live 2016) (preloaded format=pdflatex 2016.10.19)  12 NOV 2016 14:52
entering extended mode
 restricted \write18 enabled.
 %&-line parsing enabled.
**refman.tex
(./refman.tex
LaTeX2e <2016/03/31> patch level 3
Babel <3.9r> and hyphenation patterns for 83 language(s) loaded.
(/usr/local/texlive/2016/texmf-dist/tex/latex/base/article.cls
Document Class: article 2014/09/29 v1.4h Standard LaTeX document class
(/usr/local/texlive/2016/texmf-dist/tex/latex/base/size10.clo
File: size10.clo 2014/09/29 v1.4h Standard LaTeX file (size option)
)
\c@part=\count79
\c@section=\count80
\c@subsection=\count81
\c@subsubsection=\count82
\c@paragraph=\count83
\c@subparagraph=\count84
\c@figure=\count85
\c@table=\count86
\abovecaptionskip=\skip41
\belowcaptionskip=\skip42
\bibindent=\dimen102
)
(/usr/local/texlive/2016/texmf-dist/tex/latex/base/fixltx2e.sty
Package: fixltx2e 2015/06/22 v2.0b fixes to LaTeX (obsolete)


Package fixltx2e Warning: fixltx2e is not required with releases after 2015
(fixltx2e)                All fixes are now in the LaTeX kernel.
(fixltx2e)                See the latexrelease package for details.

) (/usr/local/texlive/2016/texmf-dist/tex/latex/tools/calc.sty
Package: calc 2014/10/28 v4.3 Infix arithmetic (KKT,FJ)
\calc@Acount=\count87
\calc@Bcount=\count88
\calc@Adimen=\dimen103
\calc@Bdimen=\dimen104
\calc@Askip=\skip43
\calc@Bskip=\skip44
LaTeX Info: Redefining \setlength on input line 80.
LaTeX Info: Redefining \addtolength on input line 81.
\calc@Ccount=\count89
\calc@Cskip=\skip45
) (./doxygen.sty
Package: doxygen 

(/usr/local/texlive/2016/texmf-dist/tex/latex/base/alltt.sty
Package: alltt 1997/06/16 v2.0g defines alltt environment
)
(/usr/local/texlive/2016/texmf-dist/tex/latex/tools/array.sty
Package: array 2014/10/28 v2.4c Tabular extension package (FMi)
\col@sep=\dimen105
\extrarowheight=\dimen106
\NC@list=\toks14
\extratabsurround=\skip46
\backup@length=\skip47
)
(/usr/local/texlive/2016/texmf-dist/tex/latex/float/float.sty
Package: float 2001/11/08 v1.3d Float enhancements (AL)
\c@float@type=\count90
\float@exts=\toks15
\float@box=\box26
\@float@everytoks=\toks16
\@floatcapt=\box27
)
(/usr/local/texlive/2016/texmf-dist/tex/latex/base/ifthen.sty
Package: ifthen 2014/09/29 v1.1c Standard LaTeX ifthen package (DPC)
)
(/usr/local/texlive/2016/texmf-dist/tex/latex/tools/verbatim.sty
Package: verbatim 2014/10/28 v1.5q LaTeX2e package for verbatim enhancements
\every@verbatim=\toks17
\verbatim@line=\toks18
\verbatim@in@stream=\read1
)
(/usr/local/texlive/2016/texmf-dist/tex/latex/xcolor/xcolor.sty
Package: xcolor 2016/05/11 v2.12 LaTeX color extensions (UK)

(/usr/local/texlive/2016/texmf-dist/tex/latex/graphics-cfg/color.cfg
File: color.cfg 2016/01/02 v1.6 sample color configuration
)
Package xcolor Info: Driver file: pdftex.def on input line 225.

(/usr/local/texlive/2016/texmf-dist/tex/latex/graphics-def/pdftex.def
File: pdftex.def 2016/07/10 v0.06j Graphics/color for pdfTeX

(/usr/local/texlive/2016/texmf-dist/tex/generic/oberdiek/infwarerr.sty
Package: infwarerr 2016/05/16 v1.4 Providing info/warning/error messages (HO)
)
(/usr/local/texlive/2016/texmf-dist/tex/generic/oberdiek/ltxcmds.sty
Package: ltxcmds 2016/05/16 v1.23 LaTeX kernel commands for general use (HO)
)
\Gread@gobject=\count91
)
(/usr/local/texlive/2016/texmf-dist/tex/latex/colortbl/colortbl.sty
Package: colortbl 2012/02/13 v1.0a Color table columns (DPC)
\everycr=\toks19
\minrowclearance=\skip48
)
\rownum=\count92
Package xcolor Info: Model `cmy' substituted by `cmy0' on input line 1348.
Package xcolor Info: Model `hsb' substituted by `rgb' on input line 1352.
Package xcolor Info: Model `RGB' extended on input line 1364.
Package xcolor Info: Model `HTML' substituted by `rgb' on input line 1366.
Package xcolor Info: Model `Hsb' substituted by `hsb' on input line 1367.
Package xcolor Info: Model `tHsb' substituted by `hsb' on input line 1368.
Package xcolor Info: Model `HSB' substituted by `hsb' on input line 1369.
Package xcolor Info: Model `Gray' substituted by `gray' on input line 1370.
Package xcolor Info: Model `wave' substituted by `hsb' on input line 1371.
)
(/usr/local/texlive/2016/texmf-dist/tex/latex/tools/longtable.sty
Package: longtable 2014/10/28 v4.11 Multi-page Table package (DPC)
\LTleft=\skip49
\LTright=\skip50
\LTpre=\skip51
\LTpost=\skip52
\LTchunksize=\count93
\LTcapwidth=\dimen107
\LT@head=\box28
\LT@firsthead=\box29
\LT@foot=\box30
\LT@lastfoot=\box31
\LT@cols=\count94
\LT@rows=\count95
\c@LT@tables=\count96
\c@LT@chunks=\count97
\LT@p@ftn=\toks20
)
(/usr/local/texlive/2016/texmf-dist/tex/latex/tabu/tabu.sty
Package: tabu 2011/02/26 v2.8 - flexible LaTeX tabulars (FC)

(/usr/local/texlive/2016/texmf-dist/tex/latex/varwidth/varwidth.sty
Package: varwidth 2009/03/30 ver 0.92;  Variable-width minipages
\@vwid@box=\box32
\sift@deathcycles=\count98
\@vwid@loff=\dimen108
\@vwid@roff=\dimen109
)
\c@taburow=\count99
\tabu@nbcols=\count100
\tabu@cnt=\count101
\tabu@Xcol=\count102
\tabu@alloc=\count103
\tabu@nested=\count104
\tabu@target=\dimen110
\tabu@spreadtarget=\dimen111
\tabu@naturalX=\dimen112
\tabucolX=\dimen113
\tabu@Xsum=\dimen114
\extrarowdepth=\dimen115
\abovetabulinesep=\dimen116
\belowtabulinesep=\dimen117
\tabustrutrule=\dimen118
\tabu@thebody=\toks21
\tabu@footnotes=\toks22
\tabu@box=\box33
\tabu@arstrutbox=\box34
\tabu@hleads=\box35
\tabu@vleads=\box36
\tabu@cellskip=\skip53
)
(/usr/local/texlive/2016/texmf-dist/tex/latex/tools/tabularx.sty
Package: tabularx 2016/02/03 v2.11 `tabularx' package (DPC)
\TX@col@width=\dimen119
\TX@old@table=\dimen120
\TX@old@col=\dimen121
\TX@target=\dimen122
\TX@delta=\dimen123
\TX@cols=\count105
\TX@ftn=\toks23
)
(/usr/local/texlive/2016/texmf-dist/tex/latex/multirow/multirow.sty
Package: multirow 2016/09/27 v2.0 Span multiple rows of a table
\multirow@colwidth=\skip54
\multirow@cnta=\count106
\multirow@cntb=\count107
\multirow@dima=\skip55
\bigstrutjot=\dimen124
)
\xrefbox=\box37
\xreflength=\skip56
)
(/usr/local/texlive/2016/texmf-dist/tex/latex/adjustbox/adjustbox.sty
Package: adjustbox 2012/05/21 v1.0 Adjusting TeX boxes (trim, clip, ...)

(/usr/local/texlive/2016/texmf-dist/tex/latex/xkeyval/xkeyval.sty
Package: xkeyval 2014/12/03 v2.7a package option processing (HA)

(/usr/local/texlive/2016/texmf-dist/tex/generic/xkeyval/xkeyval.tex
(/usr/local/texlive/2016/texmf-dist/tex/generic/xkeyval/xkvutils.tex
\XKV@toks=\toks24
\XKV@tempa@toks=\toks25

(/usr/local/texlive/2016/texmf-dist/tex/generic/xkeyval/keyval.tex))
\XKV@depth=\count108
File: xkeyval.tex 2014/12/03 v2.7a key=value parser (HA)
))
(/usr/local/texlive/2016/texmf-dist/tex/latex/adjustbox/adjcalc.sty
Package: adjcalc 2012/05/16 v1.1 Provides advanced setlength with multiple back
-ends (calc, etex, pgfmath)
)
(/usr/local/texlive/2016/texmf-dist/tex/latex/adjustbox/trimclip.sty
Package: trimclip 2012/05/16 v1.0 Trim and clip general TeX material

(/usr/local/texlive/2016/texmf-dist/tex/latex/graphics/graphicx.sty
Package: graphicx 2014/10/28 v1.0g Enhanced LaTeX Graphics (DPC,SPQR)

(/usr/local/texlive/2016/texmf-dist/tex/latex/graphics/graphics.sty
Package: graphics 2016/07/10 v1.0t Standard LaTeX Graphics (DPC,SPQR)

(/usr/local/texlive/2016/texmf-dist/tex/latex/graphics/trig.sty
Package: trig 2016/01/03 v1.10 sin cos tan (DPC)
)
(/usr/local/texlive/2016/texmf-dist/tex/latex/graphics-cfg/graphics.cfg
File: graphics.cfg 2016/06/04 v1.11 sample graphics configuration
)
Package graphics Info: Driver file: pdftex.def on input line 99.
)
\Gin@req@height=\dimen125
\Gin@req@width=\dimen126
)
(/usr/local/texlive/2016/texmf-dist/tex/latex/collectbox/collectbox.sty
Package: collectbox 2012/05/17 v0.4b Collect macro arguments as boxes
\collectedbox=\box38
)
\tc@llx=\dimen127
\tc@lly=\dimen128
\tc@urx=\dimen129
\tc@ury=\dimen130
Package trimclip Info: Using driver 'tc-pdftex.def'.

(/usr/local/texlive/2016/texmf-dist/tex/latex/adjustbox/tc-pdftex.def
File: tc-pdftex.def 2012/05/13 v1.0 Clipping driver for pdftex
))
\adjbox@Width=\dimen131
\adjbox@Height=\dimen132
\adjbox@Depth=\dimen133
\adjbox@Totalheight=\dimen134

(/usr/local/texlive/2016/texmf-dist/tex/latex/ifoddpage/ifoddpage.sty
Package: ifoddpage 2016/04/23 v1.1 Conditionals for odd/even page detection
\c@checkoddpage=\count109
))
(/usr/local/texlive/2016/texmf-dist/tex/latex/base/inputenc.sty
Package: inputenc 2015/03/17 v1.2c Input encoding file
\inpenc@prehook=\toks26
\inpenc@posthook=\toks27

(/usr/local/texlive/2016/texmf-dist/tex/latex/base/utf8.def
File: utf8.def 2016/02/28 v1.1s UTF-8 support for inputenc
Now handling font encoding OML ...
... no UTF-8 mapping file for font encoding OML
Now handling font encoding T1 ...
... processing UTF-8 mapping file for font encoding T1

(/usr/local/texlive/2016/texmf-dist/tex/latex/base/t1enc.dfu
File: t1enc.dfu 2016/02/28 v1.1s UTF-8 support for inputenc
   defining Unicode char U+00A0 (decimal 160)
   defining Unicode char U+00A1 (decimal 161)
   defining Unicode char U+00A3 (decimal 163)
   defining Unicode char U+00AB (decimal 171)
   defining Unicode char U+00AD (decimal 173)
   defining Unicode char U+00BB (decimal 187)
   defining Unicode char U+00BF (decimal 191)
   defining Unicode char U+00C0 (decimal 192)
   defining Unicode char U+00C1 (decimal 193)
   defining Unicode char U+00C2 (decimal 194)
   defining Unicode char U+00C3 (decimal 195)
   defining Unicode char U+00C4 (decimal 196)
   defining Unicode char U+00C5 (decimal 197)
   defining Unicode char U+00C6 (decimal 198)
   defining Unicode char U+00C7 (decimal 199)
   defining Unicode char U+00C8 (decimal 200)
   defining Unicode char U+00C9 (decimal 201)
   defining Unicode char U+00CA (decimal 202)
   defining Unicode char U+00CB (decimal 203)
   defining Unicode char U+00CC (decimal 204)
   defining Unicode char U+00CD (decimal 205)
   defining Unicode char U+00CE (decimal 206)
   defining Unicode char U+00CF (decimal 207)
   defining Unicode char U+00D0 (decimal 208)
   defining Unicode char U+00D1 (decimal 209)
   defining Unicode char U+00D2 (decimal 210)
   defining Unicode char U+00D3 (decimal 211)
   defining Unicode char U+00D4 (decimal 212)
   defining Unicode char U+00D5 (decimal 213)
   defining Unicode char U+00D6 (decimal 214)
   defining Unicode char U+00D8 (decimal 216)
   defining Unicode char U+00D9 (decimal 217)
   defining Unicode char U+00DA (decimal 218)
   defining Unicode char U+00DB (decimal 219)
   defining Unicode char U+00DC (decimal 220)
   defining Unicode char U+00DD (decimal 221)
   defining Unicode char U+00DE (decimal 222)
   defining Unicode char U+00DF (decimal 223)
   defining Unicode char U+00E0 (decimal 224)
   defining Unicode char U+00E1 (decimal 225)
   defining Unicode char U+00E2 (decimal 226)
   defining Unicode char U+00E3 (decimal 227)
   defining Unicode char U+00E4 (decimal 228)
   defining Unicode char U+00E5 (decimal 229)
   defining Unicode char U+00E6 (decimal 230)
   defining Unicode char U+00E7 (decimal 231)
   defining Unicode char U+00E8 (decimal 232)
   defining Unicode char U+00E9 (decimal 233)
   defining Unicode char U+00EA (decimal 234)
   defining Unicode char U+00EB (decimal 235)
   defining Unicode char U+00EC (decimal 236)
   defining Unicode char U+00ED (decimal 237)
   defining Unicode char U+00EE (decimal 238)
   defining Unicode char U+00EF (decimal 239)
   defining Unicode char U+00F0 (decimal 240)
   defining Unicode char U+00F1 (decimal 241)
   defining Unicode char U+00F2 (decimal 242)
   defining Unicode char U+00F3 (decimal 243)
   defining Unicode char U+00F4 (decimal 244)
   defining Unicode char U+00F5 (decimal 245)
   defining Unicode char U+00F6 (decimal 246)
   defining Unicode char U+00F8 (decimal 248)
   defining Unicode char U+00F9 (decimal 249)
   defining Unicode char U+00FA (decimal 250)
   defining Unicode char U+00FB (decimal 251)
   defining Unicode char U+00FC (decimal 252)
   defining Unicode char U+00FD (decimal 253)
   defining Unicode char U+00FE (decimal 254)
   defining Unicode char U+00FF (decimal 255)
   defining Unicode char U+0100 (decimal 256)
   defining Unicode char U+0101 (decimal 257)
   defining Unicode char U+0102 (decimal 258)
   defining Unicode char U+0103 (decimal 259)
   defining Unicode char U+0104 (decimal 260)
   defining Unicode char U+0105 (decimal 261)
   defining Unicode char U+0106 (decimal 262)
   defining Unicode char U+0107 (decimal 263)
   defining Unicode char U+0108 (decimal 264)
   defining Unicode char U+0109 (decimal 265)
   defining Unicode char U+010A (decimal 266)
   defining Unicode char U+010B (decimal 267)
   defining Unicode char U+010C (decimal 268)
   defining Unicode char U+010D (decimal 269)
   defining Unicode char U+010E (decimal 270)
   defining Unicode char U+010F (decimal 271)
   defining Unicode char U+0110 (decimal 272)
   defining Unicode char U+0111 (decimal 273)
   defining Unicode char U+0112 (decimal 274)
   defining Unicode char U+0113 (decimal 275)
   defining Unicode char U+0114 (decimal 276)
   defining Unicode char U+0115 (decimal 277)
   defining Unicode char U+0116 (decimal 278)
   defining Unicode char U+0117 (decimal 279)
   defining Unicode char U+0118 (decimal 280)
   defining Unicode char U+0119 (decimal 281)
   defining Unicode char U+011A (decimal 282)
   defining Unicode char U+011B (decimal 283)
   defining Unicode char U+011C (decimal 284)
   defining Unicode char U+011D (decimal 285)
   defining Unicode char U+011E (decimal 286)
   defining Unicode char U+011F (decimal 287)
   defining Unicode char U+0120 (decimal 288)
   defining Unicode char U+0121 (decimal 289)
   defining Unicode char U+0122 (decimal 290)
   defining Unicode char U+0123 (decimal 291)
   defining Unicode char U+0124 (decimal 292)
   defining Unicode char U+0125 (decimal 293)
   defining Unicode char U+0128 (decimal 296)
   defining Unicode char U+0129 (decimal 297)
   defining Unicode char U+012A (decimal 298)
   defining Unicode char U+012B (decimal 299)
   defining Unicode char U+012C (decimal 300)
   defining Unicode char U+012D (decimal 301)
   defining Unicode char U+012E (decimal 302)
   defining Unicode char U+012F (decimal 303)
   defining Unicode char U+0130 (decimal 304)
   defining Unicode char U+0131 (decimal 305)
   defining Unicode char U+0132 (decimal 306)
   defining Unicode char U+0133 (decimal 307)
   defining Unicode char U+0134 (decimal 308)
   defining Unicode char U+0135 (decimal 309)
   defining Unicode char U+0136 (decimal 310)
   defining Unicode char U+0137 (decimal 311)
   defining Unicode char U+0139 (decimal 313)
   defining Unicode char U+013A (decimal 314)
   defining Unicode char U+013B (decimal 315)
   defining Unicode char U+013C (decimal 316)
   defining Unicode char U+013D (decimal 317)
   defining Unicode char U+013E (decimal 318)
   defining Unicode char U+0141 (decimal 321)
   defining Unicode char U+0142 (decimal 322)
   defining Unicode char U+0143 (decimal 323)
   defining Unicode char U+0144 (decimal 324)
   defining Unicode char U+0145 (decimal 325)
   defining Unicode char U+0146 (decimal 326)
   defining Unicode char U+0147 (decimal 327)
   defining Unicode char U+0148 (decimal 328)
   defining Unicode char U+014A (decimal 330)
   defining Unicode char U+014B (decimal 331)
   defining Unicode char U+014C (decimal 332)
   defining Unicode char U+014D (decimal 333)
   defining Unicode char U+014E (decimal 334)
   defining Unicode char U+014F (decimal 335)
   defining Unicode char U+0150 (decimal 336)
   defining Unicode char U+0151 (decimal 337)
   defining Unicode char U+0152 (decimal 338)
   defining Unicode char U+0153 (decimal 339)
   defining Unicode char U+0154 (decimal 340)
   defining Unicode char U+0155 (decimal 341)
   defining Unicode char U+0156 (decimal 342)
   defining Unicode char U+0157 (decimal 343)
   defining Unicode char U+0158 (decimal 344)
   defining Unicode char U+0159 (decimal 345)
   defining Unicode char U+015A (decimal 346)
   defining Unicode char U+015B (decimal 347)
   defining Unicode char U+015C (decimal 348)
   defining Unicode char U+015D (decimal 349)
   defining Unicode char U+015E (decimal 350)
   defining Unicode char U+015F (decimal 351)
   defining Unicode char U+0160 (decimal 352)
   defining Unicode char U+0161 (decimal 353)
   defining Unicode char U+0162 (decimal 354)
   defining Unicode char U+0163 (decimal 355)
   defining Unicode char U+0164 (decimal 356)
   defining Unicode char U+0165 (decimal 357)
   defining Unicode char U+0168 (decimal 360)
   defining Unicode char U+0169 (decimal 361)
   defining Unicode char U+016A (decimal 362)
   defining Unicode char U+016B (decimal 363)
   defining Unicode char U+016C (decimal 364)
   defining Unicode char U+016D (decimal 365)
   defining Unicode char U+016E (decimal 366)
   defining Unicode char U+016F (decimal 367)
   defining Unicode char U+0170 (decimal 368)
   defining Unicode char U+0171 (decimal 369)
   defining Unicode char U+0172 (decimal 370)
   defining Unicode char U+0173 (decimal 371)
   defining Unicode char U+0174 (decimal 372)
   defining Unicode char U+0175 (decimal 373)
   defining Unicode char U+0176 (decimal 374)
   defining Unicode char U+0177 (decimal 375)
   defining Unicode char U+0178 (decimal 376)
   defining Unicode char U+0179 (decimal 377)
   defining Unicode char U+017A (decimal 378)
   defining Unicode char U+017B (decimal 379)
   defining Unicode char U+017C (decimal 380)
   defining Unicode char U+017D (decimal 381)
   defining Unicode char U+017E (decimal 382)
   defining Unicode char U+01CD (decimal 461)
   defining Unicode char U+01CE (decimal 462)
   defining Unicode char U+01CF (decimal 463)
   defining Unicode char U+01D0 (decimal 464)
   defining Unicode char U+01D1 (decimal 465)
   defining Unicode char U+01D2 (decimal 466)
   defining Unicode char U+01D3 (decimal 467)
   defining Unicode char U+01D4 (decimal 468)
   defining Unicode char U+01E2 (decimal 482)
   defining Unicode char U+01E3 (decimal 483)
   defining Unicode char U+01E6 (decimal 486)
   defining Unicode char U+01E7 (decimal 487)
   defining Unicode char U+01E8 (decimal 488)
   defining Unicode char U+01E9 (decimal 489)
   defining Unicode char U+01EA (decimal 490)
   defining Unicode char U+01EB (decimal 491)
   defining Unicode char U+01F0 (decimal 496)
   defining Unicode char U+01F4 (decimal 500)
   defining Unicode char U+01F5 (decimal 501)
   defining Unicode char U+0218 (decimal 536)
   defining Unicode char U+0219 (decimal 537)
   defining Unicode char U+021A (decimal 538)
   defining Unicode char U+021B (decimal 539)
   defining Unicode char U+1E02 (decimal 7682)
   defining Unicode char U+1E03 (decimal 7683)
   defining Unicode char U+200C (decimal 8204)
   defining Unicode char U+2010 (decimal 8208)
   defining Unicode char U+2011 (decimal 8209)
   defining Unicode char U+2012 (decimal 8210)
   defining Unicode char U+2013 (decimal 8211)
   defining Unicode char U+2014 (decimal 8212)
   defining Unicode char U+2015 (decimal 8213)
   defining Unicode char U+2018 (decimal 8216)
   defining Unicode char U+2019 (decimal 8217)
   defining Unicode char U+201A (decimal 8218)
   defining Unicode char U+201C (decimal 8220)
   defining Unicode char U+201D (decimal 8221)
   defining Unicode char U+201E (decimal 8222)
   defining Unicode char U+2030 (decimal 8240)
   defining Unicode char U+2031 (decimal 8241)
   defining Unicode char U+2039 (decimal 8249)
   defining Unicode char U+203A (decimal 8250)
   defining Unicode char U+2423 (decimal 9251)
)
Now handling font encoding OT1 ...
... processing UTF-8 mapping file for font encoding OT1

(/usr/local/texlive/2016/texmf-dist/tex/latex/base/ot1enc.dfu
File: ot1enc.dfu 2016/02/28 v1.1s UTF-8 support for inputenc
   defining Unicode char U+00A0 (decimal 160)
   defining Unicode char U+00A1 (decimal 161)
   defining Unicode char U+00A3 (decimal 163)
   defining Unicode char U+00AD (decimal 173)
   defining Unicode char U+00B8 (decimal 184)
   defining Unicode char U+00BF (decimal 191)
   defining Unicode char U+00C5 (decimal 197)
   defining Unicode char U+00C6 (decimal 198)
   defining Unicode char U+00D8 (decimal 216)
   defining Unicode char U+00DF (decimal 223)
   defining Unicode char U+00E6 (decimal 230)
   defining Unicode char U+00EC (decimal 236)
   defining Unicode char U+00ED (decimal 237)
   defining Unicode char U+00EE (decimal 238)
   defining Unicode char U+00EF (decimal 239)
   defining Unicode char U+00F8 (decimal 248)
   defining Unicode char U+0131 (decimal 305)
   defining Unicode char U+0141 (decimal 321)
   defining Unicode char U+0142 (decimal 322)
   defining Unicode char U+0152 (decimal 338)
   defining Unicode char U+0153 (decimal 339)
   defining Unicode char U+0174 (decimal 372)
   defining Unicode char U+0175 (decimal 373)
   defining Unicode char U+0176 (decimal 374)
   defining Unicode char U+0177 (decimal 375)
   defining Unicode char U+0218 (decimal 536)
   defining Unicode char U+0219 (decimal 537)
   defining Unicode char U+021A (decimal 538)
   defining Unicode char U+021B (decimal 539)
   defining Unicode char U+2013 (decimal 8211)
   defining Unicode char U+2014 (decimal 8212)
   defining Unicode char U+2018 (decimal 8216)
   defining Unicode char U+2019 (decimal 8217)
   defining Unicode char U+201C (decimal 8220)
   defining Unicode char U+201D (decimal 8221)
)
Now handling font encoding OMS ...
... processing UTF-8 mapping file for font encoding OMS

(/usr/local/texlive/2016/texmf-dist/tex/latex/base/omsenc.dfu
File: omsenc.dfu 2016/02/28 v1.1s UTF-8 support for inputenc
   defining Unicode char U+00A7 (decimal 167)
   defining Unicode char U+00B6 (decimal 182)
   defining Unicode char U+00B7 (decimal 183)
   defining Unicode char U+2020 (decimal 8224)
   defining Unicode char U+2021 (decimal 8225)
   defining Unicode char U+2022 (decimal 8226)
)
Now handling font encoding OMX ...
... no UTF-8 mapping file for font encoding OMX
Now handling font encoding U ...
... no UTF-8 mapping file for font encoding U
   defining Unicode char U+00A9 (decimal 169)
   defining Unicode char U+00AA (decimal 170)
   defining Unicode char U+00AE (decimal 174)
   defining Unicode char U+00BA (decimal 186)
   defining Unicode char U+02C6 (decimal 710)
   defining Unicode char U+02DC (decimal 732)
   defining Unicode char U+200C (decimal 8204)
   defining Unicode char U+2026 (decimal 8230)
   defining Unicode char U+2122 (decimal 8482)
   defining Unicode char U+2423 (decimal 9251)
))
(/usr/local/texlive/2016/texmf-dist/tex/latex/base/makeidx.sty
Package: makeidx 2014/09/29 v1.0m Standard LaTeX package
)
(/usr/local/texlive/2016/texmf-dist/tex/latex/tools/multicol.sty
Package: multicol 2016/04/07 v1.8p multicolumn formatting (FMi)
\c@tracingmulticols=\count110
\mult@box=\box39
\multicol@leftmargin=\dimen135
\c@unbalance=\count111
\c@collectmore=\count112
\doublecol@number=\count113
\multicoltolerance=\count114
\multicolpretolerance=\count115
\full@width=\dimen136
\page@free=\dimen137
\premulticols=\dimen138
\postmulticols=\dimen139
\multicolsep=\skip57
\multicolbaselineskip=\skip58
\partial@page=\box40
\last@line=\box41
\maxbalancingoverflow=\dimen140
\mult@rightbox=\box42
\mult@grightbox=\box43
\mult@gfirstbox=\box44
\mult@firstbox=\box45
\@tempa=\box46
\@tempa=\box47
\@tempa=\box48
\@tempa=\box49
\@tempa=\box50
\@tempa=\box51
\@tempa=\box52
\@tempa=\box53
\@tempa=\box54
\@tempa=\box55
\@tempa=\box56
\@tempa=\box57
\@tempa=\box58
\@tempa=\box59
\@tempa=\box60
\@tempa=\box61
\@tempa=\box62
\c@columnbadness=\count116
\c@finalcolumnbadness=\count117
\last@try=\dimen141
\multicolovershoot=\dimen142
\multicolundershoot=\dimen143
\mult@nat@firstbox=\box63
\colbreak@box=\box64
\mc@col@check@num=\count118
)
(/usr/local/texlive/2016/texmf-dist/tex/latex/base/textcomp.sty
Package: textcomp 2016/06/19 v1.99m Standard LaTeX package
Package textcomp Info: Sub-encoding information:
(textcomp)               5 = only ISO-Adobe without \textcurrency
(textcomp)               4 = 5 + \texteuro
(textcomp)               3 = 4 + \textohm
(textcomp)               2 = 3 + \textestimated + \textcurrency
(textcomp)               1 = TS1 - \textcircled - \t
(textcomp)               0 = TS1 (full)
(textcomp)             Font families with sub-encoding setting implement
(textcomp)             only a restricted character set as indicated.
(textcomp)             Family '?' is the default used for unknown fonts.
(textcomp)             See the documentation for details.
Package textcomp Info: Setting ? sub-encoding to TS1/1 on input line 79.

(/usr/local/texlive/2016/texmf-dist/tex/latex/base/ts1enc.def
File: ts1enc.def 2001/06/05 v3.0e (jk/car/fm) Standard LaTeX file
Now handling font encoding TS1 ...
... processing UTF-8 mapping file for font encoding TS1

(/usr/local/texlive/2016/texmf-dist/tex/latex/base/ts1enc.dfu
File: ts1enc.dfu 2016/02/28 v1.1s UTF-8 support for inputenc
   defining Unicode char U+00A2 (decimal 162)
   defining Unicode char U+00A3 (decimal 163)
   defining Unicode char U+00A4 (decimal 164)
   defining Unicode char U+00A5 (decimal 165)
   defining Unicode char U+00A6 (decimal 166)
   defining Unicode char U+00A7 (decimal 167)
   defining Unicode char U+00A8 (decimal 168)
   defining Unicode char U+00A9 (decimal 169)
   defining Unicode char U+00AA (decimal 170)
   defining Unicode char U+00AC (decimal 172)
   defining Unicode char U+00AE (decimal 174)
   defining Unicode char U+00AF (decimal 175)
   defining Unicode char U+00B0 (decimal 176)
   defining Unicode char U+00B1 (decimal 177)
   defining Unicode char U+00B2 (decimal 178)
   defining Unicode char U+00B3 (decimal 179)
   defining Unicode char U+00B4 (decimal 180)
   defining Unicode char U+00B5 (decimal 181)
   defining Unicode char U+00B6 (decimal 182)
   defining Unicode char U+00B7 (decimal 183)
   defining Unicode char U+00B9 (decimal 185)
   defining Unicode char U+00BA (decimal 186)
   defining Unicode char U+00BC (decimal 188)
   defining Unicode char U+00BD (decimal 189)
   defining Unicode char U+00BE (decimal 190)
   defining Unicode char U+00D7 (decimal 215)
   defining Unicode char U+00F7 (decimal 247)
   defining Unicode char U+0192 (decimal 402)
   defining Unicode char U+02C7 (decimal 711)
   defining Unicode char U+02D8 (decimal 728)
   defining Unicode char U+02DD (decimal 733)
   defining Unicode char U+0E3F (decimal 3647)
   defining Unicode char U+2016 (decimal 8214)
   defining Unicode char U+2020 (decimal 8224)
   defining Unicode char U+2021 (decimal 8225)
   defining Unicode char U+2022 (decimal 8226)
   defining Unicode char U+2030 (decimal 8240)
   defining Unicode char U+2031 (decimal 8241)
   defining Unicode char U+203B (decimal 8251)
   defining Unicode char U+203D (decimal 8253)
   defining Unicode char U+2044 (decimal 8260)
   defining Unicode char U+204E (decimal 8270)
   defining Unicode char U+2052 (decimal 8274)
   defining Unicode char U+20A1 (decimal 8353)
   defining Unicode char U+20A4 (decimal 8356)
   defining Unicode char U+20A6 (decimal 8358)
   defining Unicode char U+20A9 (decimal 8361)
   defining Unicode char U+20AB (decimal 8363)
   defining Unicode char U+20AC (decimal 8364)
   defining Unicode char U+20B1 (decimal 8369)
   defining Unicode char U+2103 (decimal 8451)
   defining Unicode char U+2116 (decimal 8470)
   defining Unicode char U+2117 (decimal 8471)
   defining Unicode char U+211E (decimal 8478)
   defining Unicode char U+2120 (decimal 8480)
   defining Unicode char U+2122 (decimal 8482)
   defining Unicode char U+2126 (decimal 8486)
   defining Unicode char U+2127 (decimal 8487)
   defining Unicode char U+212E (decimal 8494)
   defining Unicode char U+2190 (decimal 8592)
   defining Unicode char U+2191 (decimal 8593)
   defining Unicode char U+2192 (decimal 8594)
   defining Unicode char U+2193 (decimal 8595)
   defining Unicode char U+2329 (decimal 9001)
   defining Unicode char U+232A (decimal 9002)
   defining Unicode char U+2422 (decimal 9250)
   defining Unicode char U+25E6 (decimal 9702)
   defining Unicode char U+25EF (decimal 9711)
   defining Unicode char U+266A (decimal 9834)
))
LaTeX Info: Redefining \oldstylenums on input line 334.
Package textcomp Info: Setting cmr sub-encoding to TS1/0 on input line 349.
Package textcomp Info: Setting cmss sub-encoding to TS1/0 on input line 350.
Package textcomp Info: Setting cmtt sub-encoding to TS1/0 on input line 351.
Package textcomp Info: Setting cmvtt sub-encoding to TS1/0 on input line 352.
Package textcomp Info: Setting cmbr sub-encoding to TS1/0 on input line 353.
Package textcomp Info: Setting cmtl sub-encoding to TS1/0 on input line 354.
Package textcomp Info: Setting ccr sub-encoding to TS1/0 on input line 355.
Package textcomp Info: Setting ptm sub-encoding to TS1/4 on input line 356.
Package textcomp Info: Setting pcr sub-encoding to TS1/4 on input line 357.
Package textcomp Info: Setting phv sub-encoding to TS1/4 on input line 358.
Package textcomp Info: Setting ppl sub-encoding to TS1/3 on input line 359.
Package textcomp Info: Setting pag sub-encoding to TS1/4 on input line 360.
Package textcomp Info: Setting pbk sub-encoding to TS1/4 on input line 361.
Package textcomp Info: Setting pnc sub-encoding to TS1/4 on input line 362.
Package textcomp Info: Setting pzc sub-encoding to TS1/4 on input line 363.
Package textcomp Info: Setting bch sub-encoding to TS1/4 on input line 364.
Package textcomp Info: Setting put sub-encoding to TS1/5 on input line 365.
Package textcomp Info: Setting uag sub-encoding to TS1/5 on input line 366.
Package textcomp Info: Setting ugq sub-encoding to TS1/5 on input line 367.
Package textcomp Info: Setting ul8 sub-encoding to TS1/4 on input line 368.
Package textcomp Info: Setting ul9 sub-encoding to TS1/4 on input line 369.
Package textcomp Info: Setting augie sub-encoding to TS1/5 on input line 370.
Package textcomp Info: Setting dayrom sub-encoding to TS1/3 on input line 371.
Package textcomp Info: Setting dayroms sub-encoding to TS1/3 on input line 372.

Package textcomp Info: Setting pxr sub-encoding to TS1/0 on input line 373.
Package textcomp Info: Setting pxss sub-encoding to TS1/0 on input line 374.
Package textcomp Info: Setting pxtt sub-encoding to TS1/0 on input line 375.
Package textcomp Info: Setting txr sub-encoding to TS1/0 on input line 376.
Package textcomp Info: Setting txss sub-encoding to TS1/0 on input line 377.
Package textcomp Info: Setting txtt sub-encoding to TS1/0 on input line 378.
Package textcomp Info: Setting lmr sub-encoding to TS1/0 on input line 379.
Package textcomp Info: Setting lmdh sub-encoding to TS1/0 on input line 380.
Package textcomp Info: Setting lmss sub-encoding to TS1/0 on input line 381.
Package textcomp Info: Setting lmssq sub-encoding to TS1/0 on input line 382.
Package textcomp Info: Setting lmvtt sub-encoding to TS1/0 on input line 383.
Package textcomp Info: Setting lmtt sub-encoding to TS1/0 on input line 384.
Package textcomp Info: Setting qhv sub-encoding to TS1/0 on input line 385.
Package textcomp Info: Setting qag sub-encoding to TS1/0 on input line 386.
Package textcomp Info: Setting qbk sub-encoding to TS1/0 on input line 387.
Package textcomp Info: Setting qcr sub-encoding to TS1/0 on input line 388.
Package textcomp Info: Setting qcs sub-encoding to TS1/0 on input line 389.
Package textcomp Info: Setting qpl sub-encoding to TS1/0 on input line 390.
Package textcomp Info: Setting qtm sub-encoding to TS1/0 on input line 391.
Package textcomp Info: Setting qzc sub-encoding to TS1/0 on input line 392.
Package textcomp Info: Setting qhvc sub-encoding to TS1/0 on input line 393.
Package textcomp Info: Setting futs sub-encoding to TS1/4 on input line 394.
Package textcomp Info: Setting futx sub-encoding to TS1/4 on input line 395.
Package textcomp Info: Setting futj sub-encoding to TS1/4 on input line 396.
Package textcomp Info: Setting hlh sub-encoding to TS1/3 on input line 397.
Package textcomp Info: Setting hls sub-encoding to TS1/3 on input line 398.
Package textcomp Info: Setting hlst sub-encoding to TS1/3 on input line 399.
Package textcomp Info: Setting hlct sub-encoding to TS1/5 on input line 400.
Package textcomp Info: Setting hlx sub-encoding to TS1/5 on input line 401.
Package textcomp Info: Setting hlce sub-encoding to TS1/5 on input line 402.
Package textcomp Info: Setting hlcn sub-encoding to TS1/5 on input line 403.
Package textcomp Info: Setting hlcw sub-encoding to TS1/5 on input line 404.
Package textcomp Info: Setting hlcf sub-encoding to TS1/5 on input line 405.
Package textcomp Info: Setting pplx sub-encoding to TS1/3 on input line 406.
Package textcomp Info: Setting pplj sub-encoding to TS1/3 on input line 407.
Package textcomp Info: Setting ptmx sub-encoding to TS1/4 on input line 408.
Package textcomp Info: Setting ptmj sub-encoding to TS1/4 on input line 409.
)
(/usr/local/texlive/2016/texmf-dist/tex/latex/wasysym/wasysym.sty
Package: wasysym 2003/10/30 v2.0 Wasy-2 symbol support package
\symwasy=\mathgroup4
LaTeX Font Info:    Overwriting symbol font `wasy' in version `bold'
(Font)                  U/wasy/m/n --> U/wasy/b/n on input line 90.
)
(/usr/local/texlive/2016/texmf-dist/tex/latex/base/fontenc.sty
Package: fontenc 2016/06/19 v1.99m Standard LaTeX package

(/usr/local/texlive/2016/texmf-dist/tex/latex/base/t1enc.def
File: t1enc.def 2016/06/19 v1.99m Standard LaTeX file
LaTeX Font Info:    Redeclaring font encoding T1 on input line 48.
))
(/usr/local/texlive/2016/texmf-dist/tex/latex/psnfss/helvet.sty
Package: helvet 2005/04/12 PSNFSS-v9.2a (WaS) 
)
(/usr/local/texlive/2016/texmf-dist/tex/latex/psnfss/courier.sty
Package: courier 2005/04/12 PSNFSS-v9.2a (WaS) 
)
(/usr/local/texlive/2016/texmf-dist/tex/latex/amsfonts/amssymb.sty
Package: amssymb 2013/01/14 v3.01 AMS font symbols

(/usr/local/texlive/2016/texmf-dist/tex/latex/amsfonts/amsfonts.sty
Package: amsfonts 2013/01/14 v3.01 Basic AMSFonts support
\@emptytoks=\toks28
\symAMSa=\mathgroup5
\symAMSb=\mathgroup6
LaTeX Font Info:    Overwriting math alphabet `\mathfrak' in version `bold'
(Font)                  U/euf/m/n --> U/euf/b/n on input line 106.
))
(/usr/local/texlive/2016/texmf-dist/tex/latex/sectsty/sectsty.sty
Package: sectsty 2002/02/25 v2.0.2 Commands to change all sectional heading sty
les
)
(/usr/local/texlive/2016/texmf-dist/tex/latex/geometry/geometry.sty
Package: geometry 2010/09/12 v5.6 Page Geometry

(/usr/local/texlive/2016/texmf-dist/tex/generic/oberdiek/ifpdf.sty
Package: ifpdf 2016/05/14 v3.1 Provides the ifpdf switch
)
(/usr/local/texlive/2016/texmf-dist/tex/generic/oberdiek/ifvtex.sty
Package: ifvtex 2016/05/16 v1.6 Detect VTeX and its facilities (HO)
Package ifvtex Info: VTeX not detected.
)
(/usr/local/texlive/2016/texmf-dist/tex/generic/ifxetex/ifxetex.sty
Package: ifxetex 2010/09/12 v0.6 Provides ifxetex conditional
)
\Gm@cnth=\count119
\Gm@cntv=\count120
\c@Gm@tempcnt=\count121
\Gm@bindingoffset=\dimen144
\Gm@wd@mp=\dimen145
\Gm@odd@mp=\dimen146
\Gm@even@mp=\dimen147
\Gm@layoutwidth=\dimen148
\Gm@layoutheight=\dimen149
\Gm@layouthoffset=\dimen150
\Gm@layoutvoffset=\dimen151
\Gm@dimlist=\toks29
)
(/usr/local/texlive/2016/texmf-dist/tex/latex/fancyhdr/fancyhdr.sty
Package: fancyhdr 2016/09/06 3.8 Extensive control of page headers and footers
\fancy@headwidth=\skip59
\f@ncyO@elh=\skip60
\f@ncyO@erh=\skip61
\f@ncyO@olh=\skip62
\f@ncyO@orh=\skip63
\f@ncyO@elf=\skip64
\f@ncyO@erf=\skip65
\f@ncyO@olf=\skip66
\f@ncyO@orf=\skip67
)
(/usr/local/texlive/2016/texmf-dist/tex/latex/natbib/natbib.sty
Package: natbib 2010/09/13 8.31b (PWD, AO)
\bibhang=\skip68
\bibsep=\skip69
LaTeX Info: Redefining \cite on input line 694.
\c@NAT@ctr=\count122
)
(/usr/local/texlive/2016/texmf-dist/tex/latex/tocloft/tocloft.sty
Package: tocloft 2013/05/02 v2.3f parameterised ToC, etc., typesetting
Package tocloft Info: The document has section divisions on input line 44.
\cftparskip=\skip70
\cftbeforetoctitleskip=\skip71
\cftaftertoctitleskip=\skip72
\cftbeforepartskip=\skip73
\cftpartnumwidth=\skip74
\cftpartindent=\skip75
\cftbeforesecskip=\skip76
\cftsecindent=\skip77
\cftsecnumwidth=\skip78
\cftbeforesubsecskip=\skip79
\cftsubsecindent=\skip80
\cftsubsecnumwidth=\skip81
\cftbeforesubsubsecskip=\skip82
\cftsubsubsecindent=\skip83
\cftsubsubsecnumwidth=\skip84
\cftbeforeparaskip=\skip85
\cftparaindent=\skip86
\cftparanumwidth=\skip87
\cftbeforesubparaskip=\skip88
\cftsubparaindent=\skip89
\cftsubparanumwidth=\skip90
\cftbeforeloftitleskip=\skip91
\cftafterloftitleskip=\skip92
\cftbeforefigskip=\skip93
\cftfigindent=\skip94
\cftfignumwidth=\skip95
\c@lofdepth=\count123
\c@lotdepth=\count124
\cftbeforelottitleskip=\skip96
\cftafterlottitleskip=\skip97
\cftbeforetabskip=\skip98
\cfttabindent=\skip99
\cfttabnumwidth=\skip100
)
\@indexfile=\write3
\openout3 = `refman.idx'.


Writing index file refman.idx
(/usr/local/texlive/2016/texmf-dist/tex/latex/hyperref/hyperref.sty
Package: hyperref 2016/06/24 v6.83q Hypertext links for LaTeX

(/usr/local/texlive/2016/texmf-dist/tex/generic/oberdiek/hobsub-hyperref.sty
Package: hobsub-hyperref 2016/05/16 v1.14 Bundle oberdiek, subset hyperref (HO)


(/usr/local/texlive/2016/texmf-dist/tex/generic/oberdiek/hobsub-generic.sty
Package: hobsub-generic 2016/05/16 v1.14 Bundle oberdiek, subset generic (HO)
Package: hobsub 2016/05/16 v1.14 Construct package bundles (HO)
Package hobsub Info: Skipping package `infwarerr' (already loaded).
Package hobsub Info: Skipping package `ltxcmds' (already loaded).
Package: ifluatex 2016/05/16 v1.4 Provides the ifluatex switch (HO)
Package ifluatex Info: LuaTeX not detected.
Package hobsub Info: Skipping package `ifvtex' (already loaded).
Package: intcalc 2016/05/16 v1.2 Expandable calculations with integers (HO)
Package hobsub Info: Skipping package `ifpdf' (already loaded).
Package: etexcmds 2016/05/16 v1.6 Avoid name clashes with e-TeX commands (HO)
Package etexcmds Info: Could not find \expanded.
(etexcmds)             That can mean that you are not using pdfTeX 1.50 or
(etexcmds)             that some package has redefined \expanded.
(etexcmds)             In the latter case, load this package earlier.
Package: kvsetkeys 2016/05/16 v1.17 Key value parser (HO)
Package: kvdefinekeys 2016/05/16 v1.4 Define keys (HO)
Package: pdftexcmds 2016/05/21 v0.22 Utility functions of pdfTeX for LuaTeX (HO
)
Package pdftexcmds Info: LuaTeX not detected.
Package pdftexcmds Info: \pdf@primitive is available.
Package pdftexcmds Info: \pdf@ifprimitive is available.
Package pdftexcmds Info: \pdfdraftmode found.
Package: pdfescape 2016/05/16 v1.14 Implements pdfTeX's escape features (HO)
Package: bigintcalc 2016/05/16 v1.4 Expandable calculations on big integers (HO
)
Package: bitset 2016/05/16 v1.2 Handle bit-vector datatype (HO)
Package: uniquecounter 2016/05/16 v1.3 Provide unlimited unique counter (HO)
)
Package hobsub Info: Skipping package `hobsub' (already loaded).
Package: letltxmacro 2016/05/16 v1.5 Let assignment for LaTeX macros (HO)
Package: hopatch 2016/05/16 v1.3 Wrapper for package hooks (HO)
Package: xcolor-patch 2016/05/16 xcolor patch
Package: atveryend 2016/05/16 v1.9 Hooks at the very end of document (HO)
Package atveryend Info: \enddocument detected (standard20110627).
Package: atbegshi 2016/06/09 v1.18 At begin shipout hook (HO)
Package: refcount 2016/05/16 v3.5 Data extraction from label references (HO)
Package: hycolor 2016/05/16 v1.8 Color options for hyperref/bookmark (HO)
)
(/usr/local/texlive/2016/texmf-dist/tex/latex/oberdiek/auxhook.sty
Package: auxhook 2016/05/16 v1.4 Hooks for auxiliary files (HO)
)
(/usr/local/texlive/2016/texmf-dist/tex/latex/oberdiek/kvoptions.sty
Package: kvoptions 2016/05/16 v3.12 Key value format for package options (HO)
)
\@linkdim=\dimen152
\Hy@linkcounter=\count125
\Hy@pagecounter=\count126

(/usr/local/texlive/2016/texmf-dist/tex/latex/hyperref/pd1enc.def
File: pd1enc.def 2016/06/24 v6.83q Hyperref: PDFDocEncoding definition (HO)
Now handling font encoding PD1 ...
... no UTF-8 mapping file for font encoding PD1
)
\Hy@SavedSpaceFactor=\count127

(/usr/local/texlive/2016/texmf-dist/tex/latex/latexconfig/hyperref.cfg
File: hyperref.cfg 2002/06/06 v1.2 hyperref configuration of TeXLive
)
Package hyperref Info: Hyper figures OFF on input line 4486.
Package hyperref Info: Link nesting OFF on input line 4491.
Package hyperref Info: Hyper index ON on input line 4494.
Package hyperref Info: Plain pages OFF on input line 4501.
Package hyperref Info: Backreferencing ON on input line 4504.
Package hyperref Info: Implicit mode ON; LaTeX internals redefined.
Package hyperref Info: Bookmarks ON on input line 4735.

(/usr/local/texlive/2016/texmf-dist/tex/latex/hyperref/backref.sty
Package: backref 2016/05/21 v1.39 Bibliographical back referencing

(/usr/local/texlive/2016/texmf-dist/tex/latex/oberdiek/rerunfilecheck.sty
Package: rerunfilecheck 2016/05/16 v1.8 Rerun checks for auxiliary files (HO)
Package uniquecounter Info: New unique counter `rerunfilecheck' on input line 2
82.
))
\c@Hy@tempcnt=\count128

(/usr/local/texlive/2016/texmf-dist/tex/latex/url/url.sty
\Urlmuskip=\muskip10
Package: url 2013/09/16  ver 3.4  Verb mode for urls, etc.
)
LaTeX Info: Redefining \url on input line 5088.
\XeTeXLinkMargin=\dimen153
\Fld@menulength=\count129
\Field@Width=\dimen154
\Fld@charsize=\dimen155
Package hyperref Info: Hyper figures OFF on input line 6342.
Package hyperref Info: Link nesting OFF on input line 6347.
Package hyperref Info: Hyper index ON on input line 6350.
Package hyperref Info: backreferencing ON on input line 6355.
Package hyperref Info: Link coloring OFF on input line 6362.
Package hyperref Info: Link coloring with OCG OFF on input line 6367.
Package hyperref Info: PDF/A mode OFF on input line 6372.
LaTeX Info: Redefining \ref on input line 6412.
LaTeX Info: Redefining \pageref on input line 6416.
\Hy@abspage=\count130
\c@Item=\count131
\c@Hfootnote=\count132
)

Package hyperref Message: Driver: hpdftex.

(/usr/local/texlive/2016/texmf-dist/tex/latex/hyperref/hpdftex.def
File: hpdftex.def 2016/06/24 v6.83q Hyperref driver for pdfTeX
\Fld@listcount=\count133
\c@bookmark@seq@number=\count134
\Hy@SectionHShift=\skip101
)
Package hyperref Info: Option `colorlinks' set `true' on input line 102.
Package hyperref Info: Option `unicode' set `true' on input line 102.

(/usr/local/texlive/2016/texmf-dist/tex/latex/hyperref/puenc.def
File: puenc.def 2016/06/24 v6.83q Hyperref: PDF Unicode definition (HO)
Now handling font encoding PU ...
... no UTF-8 mapping file for font encoding PU
)
(/usr/local/texlive/2016/texmf-dist/tex/latex/caption/caption.sty
Package: caption 2016/02/21 v3.3-144 Customizing captions (AR)

(/usr/local/texlive/2016/texmf-dist/tex/latex/caption/caption3.sty
Package: caption3 2016/05/22 v1.7-166 caption3 kernel (AR)
Package caption3 Info: TeX engine: e-TeX on input line 67.
\captionmargin=\dimen156
\captionmargin@=\dimen157
\captionwidth=\dimen158
\caption@tempdima=\dimen159
\caption@indent=\dimen160
\caption@parindent=\dimen161
\caption@hangindent=\dimen162
)
\c@ContinuedFloat=\count135
Package caption Info: float package is loaded.
Package caption Info: hyperref package is loaded.
Package caption Info: longtable package is loaded.

(/usr/local/texlive/2016/texmf-dist/tex/latex/caption/ltcaption.sty
Package: ltcaption 2013/06/09 v1.4-94 longtable captions (AR)
))
(./refman.aux)
\openout1 = `refman.aux'.

LaTeX Font Info:    Checking defaults for OML/cmm/m/it on input line 114.
LaTeX Font Info:    ... okay on input line 114.
LaTeX Font Info:    Checking defaults for T1/cmr/m/n on input line 114.
LaTeX Font Info:    ... okay on input line 114.
LaTeX Font Info:    Checking defaults for OT1/cmr/m/n on input line 114.
LaTeX Font Info:    ... okay on input line 114.
LaTeX Font Info:    Checking defaults for OMS/cmsy/m/n on input line 114.
LaTeX Font Info:    ... okay on input line 114.
LaTeX Font Info:    Checking defaults for OMX/cmex/m/n on input line 114.
LaTeX Font Info:    ... okay on input line 114.
LaTeX Font Info:    Checking defaults for U/cmr/m/n on input line 114.
LaTeX Font Info:    ... okay on input line 114.
LaTeX Font Info:    Checking defaults for TS1/cmr/m/n on input line 114.
LaTeX Font Info:    Try loading font information for TS1+cmr on input line 114.

 (/usr/local/texlive/2016/texmf-dist/tex/latex/base/ts1cmr.fd
File: ts1cmr.fd 2014/09/29 v2.5h Standard LaTeX font definitions
)
LaTeX Font Info:    ... okay on input line 114.
LaTeX Font Info:    Checking defaults for PD1/pdf/m/n on input line 114.
LaTeX Font Info:    ... okay on input line 114.
LaTeX Font Info:    Checking defaults for PU/pdf/m/n on input line 114.
LaTeX Font Info:    ... okay on input line 114.
LaTeX Font Info:    Try loading font information for T1+phv on input line 114.

(/usr/local/texlive/2016/texmf-dist/tex/latex/psnfss/t1phv.fd
File: t1phv.fd 2001/06/04 scalable font definitions for T1/phv.
)
LaTeX Font Info:    Font shape `T1/phv/m/n' will be
(Font)              scaled to size 8.99994pt on input line 114.

(/usr/local/texlive/2016/texmf-dist/tex/context/base/mkii/supp-pdf.mkii
[Loading MPS to PDF converter (version 2006.09.02).]
\scratchcounter=\count136
\scratchdimen=\dimen163
\scratchbox=\box65
\nofMPsegments=\count137
\nofMParguments=\count138
\everyMPshowfont=\toks30
\MPscratchCnt=\count139
\MPscratchDim=\dimen164
\MPnumerator=\count140
\makeMPintoPDFobject=\count141
\everyMPtoPDFconversion=\toks31
) (/usr/local/texlive/2016/texmf-dist/tex/latex/oberdiek/epstopdf-base.sty
Package: epstopdf-base 2016/05/15 v2.6 Base part for package epstopdf

(/usr/local/texlive/2016/texmf-dist/tex/latex/oberdiek/grfext.sty
Package: grfext 2016/05/16 v1.2 Manage graphics extensions (HO)
)
Package epstopdf-base Info: Redefining graphics rule for `.eps' on input line 4
38.
Package grfext Info: Graphics extension search list:
(grfext)             [.png,.pdf,.jpg,.mps,.jpeg,.jbig2,.jb2,.PNG,.PDF,.JPG,.JPE
G,.JBIG2,.JB2,.eps]
(grfext)             \AppendGraphicsExtensions on input line 456.

(/usr/local/texlive/2016/texmf-dist/tex/latex/latexconfig/epstopdf-sys.cfg
File: epstopdf-sys.cfg 2010/07/13 v1.3 Configuration of (r)epstopdf for TeX Liv
e
))
*geometry* driver: auto-detecting
*geometry* detected driver: pdftex
*geometry* verbose mode - [ preamble ] result:
* driver: pdftex
* paper: a4paper
* layout: <same size as paper>
* layoutoffset:(h,v)=(0.0pt,0.0pt)
* modes: twoside 
* h-part:(L,W,R)=(71.13188pt, 455.24411pt, 71.13188pt)
* v-part:(T,H,B)=(71.13188pt, 702.78308pt, 71.13188pt)
* \paperwidth=597.50787pt
* \paperheight=845.04684pt
* \textwidth=455.24411pt
* \textheight=702.78308pt
* \oddsidemargin=-1.1381pt
* \evensidemargin=-1.1381pt
* \topmargin=-38.1381pt
* \headheight=12.0pt
* \headsep=25.0pt
* \topskip=10.0pt
* \footskip=30.0pt
* \marginparwidth=121.0pt
* \marginparsep=11.0pt
* \columnsep=10.0pt
* \skip\footins=9.0pt plus 4.0pt minus 2.0pt
* \hoffset=0.0pt
* \voffset=0.0pt
* \mag=1000
* \@twocolumnfalse
* \@twosidetrue
* \@mparswitchtrue
* \@reversemarginfalse
* (1in=72.27pt=25.4mm, 1cm=28.453pt)

\AtBeginShipoutBox=\box66
Package backref Info: ** backref set up for natbib ** on input line 114.
Package hyperref Info: Link coloring ON on input line 114.
(/usr/local/texlive/2016/texmf-dist/tex/latex/hyperref/nameref.sty
Package: nameref 2016/05/21 v2.44 Cross-referencing by name of section

(/usr/local/texlive/2016/texmf-dist/tex/generic/oberdiek/gettitlestring.sty
Package: gettitlestring 2016/05/16 v1.5 Cleanup title references (HO)
)
\c@section@level=\count142
)
LaTeX Info: Redefining \ref on input line 114.
LaTeX Info: Redefining \pageref on input line 114.
LaTeX Info: Redefining \nameref on input line 114.

(./refman.out) (./refman.out)
\@outlinefile=\write4
\openout4 = `refman.out'.

Package caption Info: Begin \AtBeginDocument code.
Package caption Info: End \AtBeginDocument code.
Package hyperref Info: Option `pageanchor' set `false' on input line 120.
Package hyperref Info: Option `bookmarksnumbered' set `true' on input line 120.

Package hyperref Info: Option `unicode' set `true' on input line 120.
LaTeX Font Info:    Font shape `T1/phv/m/n' will be
(Font)              scaled to size 12.9599pt on input line 125.
LaTeX Font Info:    Font shape `T1/phv/m/n' will be
(Font)              scaled to size 10.79993pt on input line 127.
 [1

{/usr/local/texlive/2016/texmf-var/fonts/map/pdftex/updmap/pdftex.map}]
LaTeX Font Info:    Font shape `T1/phv/bx/n' in size <14.4> not available
(Font)              Font shape `T1/phv/b/n' tried instead on input line 131.
LaTeX Font Info:    Font shape `T1/phv/b/n' will be
(Font)              scaled to size 12.9599pt on input line 131.
LaTeX Font Info:    Font shape `T1/phv/bc/n' will be
(Font)              scaled to size 12.9599pt on input line 131.
 (./refman.toc
LaTeX Font Info:    Font shape `T1/phv/bx/n' in size <10> not available
(Font)              Font shape `T1/phv/b/n' tried instead on input line 1.
LaTeX Font Info:    Font shape `T1/phv/b/n' will be
(Font)              scaled to size 8.99994pt on input line 1.
LaTeX Font Info:    Try loading font information for U+wasy on input line 1.

(/usr/local/texlive/2016/texmf-dist/tex/latex/wasysym/uwasy.fd
File: uwasy.fd 2003/10/30 v2.0 Wasy-2 symbol font definitions
)
LaTeX Font Info:    Try loading font information for U+msa on input line 1.

(/usr/local/texlive/2016/texmf-dist/tex/latex/amsfonts/umsa.fd
File: umsa.fd 2013/01/14 v3.01 AMS symbols A
)
LaTeX Font Info:    Try loading font information for U+msb on input line 1.

(/usr/local/texlive/2016/texmf-dist/tex/latex/amsfonts/umsb.fd
File: umsb.fd 2013/01/14 v3.01 AMS symbols B
)
LaTeX Font Info:    Font shape `T1/phv/m/n' will be
(Font)              scaled to size 6.29996pt on input line 8.
LaTeX Font Info:    Font shape `T1/phv/bx/n' in size <7> not available
(Font)              Font shape `T1/phv/b/n' tried instead on input line 72.
LaTeX Font Info:    Font shape `T1/phv/b/n' will be
(Font)              scaled to size 6.29996pt on input line 72.
 [1] [2]
[3])
\tf@toc=\write5
\openout5 = `refman.toc'.

Package hyperref Info: Option `pageanchor' set `true' on input line 133.
 (./namespaces.tex
LaTeX Font Info:    Font shape `T1/phv/bx/n' in size <12> not available
(Font)              Font shape `T1/phv/b/n' tried instead on input line 1.
LaTeX Font Info:    Font shape `T1/phv/b/n' will be
(Font)              scaled to size 10.79993pt on input line 1.
LaTeX Font Info:    Font shape `T1/phv/bc/n' will be
(Font)              scaled to size 10.79993pt on input line 1.
) (./hierarchy.tex [1] [2]) (./annotated.tex
LaTeX Font Info:    Try loading font information for TS1+phv on input line 7.

(/usr/local/texlive/2016/texmf-dist/tex/latex/psnfss/ts1phv.fd
File: ts1phv.fd 2001/06/04 scalable font definitions for TS1/phv.
)
LaTeX Font Info:    Font shape `TS1/phv/bx/n' in size <10> not available
(Font)              Font shape `TS1/phv/b/n' tried instead on input line 7.
LaTeX Font Info:    Font shape `TS1/phv/b/n' will be
(Font)              scaled to size 8.99994pt on input line 7.
 [3])
(./namespace_midnight_blue.tex [4]
LaTeX Font Info:    Font shape `T1/phv/bc/n' will be
(Font)              scaled to size 6.29996pt on input line 1.
LaTeX Font Info:    Font shape `T1/phv/bc/n' will be
(Font)              scaled to size 8.99994pt on input line 3.


! LaTeX Error: Something's wrong--perhaps a missing \item.

See the LaTeX manual or LaTeX Companion for explanation.
Type  H <return>  for immediate help.
 ...                                              
                                                  
l.5 \end{DoxyCompactItemize}
                            
? 
LaTeX Font Info:    Font shape `TS1/phv/m/n' will be
(Font)              scaled to size 8.99994pt on input line 9.
LaTeX Font Info:    Font shape `T1/phv/m/n' will be
(Font)              scaled to size 8.09995pt on input line 10.
LaTeX Font Info:    Font shape `T1/phv/m/it' in size <9> not available
(Font)              Font shape `T1/phv/m/sl' tried instead on input line 10.
LaTeX Font Info:    Font shape `T1/phv/m/sl' will be
(Font)              scaled to size 8.09995pt on input line 10.
LaTeX Font Info:    Font shape `T1/phv/m/it' in size <7> not available
(Font)              Font shape `T1/phv/m/sl' tried instead on input line 18.
LaTeX Font Info:    Font shape `T1/phv/m/sl' will be
(Font)              scaled to size 6.29996pt on input line 18.
LaTeX Font Info:    Font shape `TS1/phv/m/it' in size <9> not available
(Font)              Font shape `TS1/phv/m/sl' tried instead on input line 20.
LaTeX Font Info:    Font shape `TS1/phv/m/sl' will be
(Font)              scaled to size 8.09995pt on input line 20.
[5]
Underfull \hbox (badness 1215) in paragraph at lines 81--101
[][]\T1/phv/m/n/10 Biome.[]Tropical[]Seasonal[]Forest[][], [][]Biome.[]Temperat
e[]Seasonal[]Forest[][], [][]Biome.[]Temperate[]Rainforest[][], [][]Biome.[]
 []


Underfull \hbox (badness 1596) in paragraph at lines 123--137
[][]\T1/phv/m/n/10 Temperature[]Level.[]Temperate[][], [][]Temperature[]Level.[
]Sub[]Tropical[][], [][]Temperature[]Level.[]Tropical[][], [][]Temperature[]
 []

LaTeX Font Info:    Font shape `T1/phv/m/n' will be
(Font)              scaled to size 7.19995pt on input line 151.
LaTeX Font Info:    Try loading font information for T1+pcr on input line 151.
(/usr/local/texlive/2016/texmf-dist/tex/latex/psnfss/t1pcr.fd
File: t1pcr.fd 2001/06/04 font definitions for T1/pcr.
) [6] [7])
(./namespace_midnight_blue_1_1_testing.tex)
(./class_midnight_blue_1_1_enter_star_system.tex
<class_midnight_blue_1_1_enter_star_system__inherit__graph.pdf, id=898, 232.87p
t x 236.885pt>
File: class_midnight_blue_1_1_enter_star_system__inherit__graph.pdf Graphic fil
e (type pdf)

<use class_midnight_blue_1_1_enter_star_system__inherit__graph.pdf>
Package pdftex.def Info: class_midnight_blue_1_1_enter_star_system__inherit__gr
aph.pdf used on input line 14.
(pdftex.def)             Requested size: 232.0pt x 236.00967pt.

Underfull \vbox (badness 2302) has occurred while \output is active []

 [8]
<class_midnight_blue_1_1_enter_star_system__coll__graph.pdf, id=906, 232.87pt x
 236.885pt>
File: class_midnight_blue_1_1_enter_star_system__coll__graph.pdf Graphic file (
type pdf)
 <use class_midnight_blue_1_1_enter_star_system__coll__graph.pdf>
Package pdftex.def Info: class_midnight_blue_1_1_enter_star_system__coll__graph
.pdf used on input line 23.
(pdftex.def)             Requested size: 232.0pt x 236.00967pt.

[9 <./class_midnight_blue_1_1_enter_star_system__inherit__graph.pdf> <./class_m
idnight_blue_1_1_enter_star_system__coll__graph.pdf>]
LaTeX Font Info:    Font shape `T1/pcr/m/it' in size <8> not available
(Font)              Font shape `T1/pcr/m/sl' tried instead on input line 48.
)
(./class_midnight_blue_1_1_fuel.tex
<class_midnight_blue_1_1_fuel__inherit__graph.pdf, id=945, 176.66pt x 236.885pt
>
File: class_midnight_blue_1_1_fuel__inherit__graph.pdf Graphic file (type pdf)
 <use class_midnight_blue_1_1_fuel__inherit__graph.pdf>
Package pdftex.def Info: class_midnight_blue_1_1_fuel__inherit__graph.pdf used 
on input line 14.
(pdftex.def)             Requested size: 176.0pt x 236.00246pt.
 [10]
<class_midnight_blue_1_1_fuel__coll__graph.pdf, id=955, 176.66pt x 236.885pt>
File: class_midnight_blue_1_1_fuel__coll__graph.pdf Graphic file (type pdf)

<use class_midnight_blue_1_1_fuel__coll__graph.pdf>
Package pdftex.def Info: class_midnight_blue_1_1_fuel__coll__graph.pdf used on 
input line 23.
(pdftex.def)             Requested size: 176.0pt x 236.00246pt.
 [11 <./class_midnight_blue_1_1_fuel__inherit__graph.pdf> <./class_midnight_blu
e_1_1_fuel__coll__graph.pdf>]
LaTeX Font Info:    Font shape `T1/pcr/m/it' in size <7> not available
(Font)              Font shape `T1/pcr/m/sl' tried instead on input line 45.
) (./class_midnight_blue_1_1_galaxy_builder.tex
<class_midnight_blue_1_1_galaxy_builder__coll__graph.pdf, id=992, 219.82124pt x
 175.65625pt>
File: class_midnight_blue_1_1_galaxy_builder__coll__graph.pdf Graphic file (typ
e pdf)
 <use class_midnight_blue_1_1_galaxy_builder__coll__graph.pdf>
Package pdftex.def Info: class_midnight_blue_1_1_galaxy_builder__coll__graph.pd
f used on input line 9.
(pdftex.def)             Requested size: 219.0pt x 175.00449pt.

Underfull \vbox (badness 10000) has occurred while \output is active []

 [12]
[13 <./class_midnight_blue_1_1_galaxy_builder__coll__graph.pdf>]
<class_midnight_blue_1_1_galaxy_builder_aaa080e0108cf02709137b7eebb56ad1a_icgra
ph.pdf, id=1040, 397.485pt x 109.40875pt>
File: class_midnight_blue_1_1_galaxy_builder_aaa080e0108cf02709137b7eebb56ad1a_
icgraph.pdf Graphic file (type pdf)

<use class_midnight_blue_1_1_galaxy_builder_aaa080e0108cf02709137b7eebb56ad1a_i
cgraph.pdf>
Package pdftex.def Info: class_midnight_blue_1_1_galaxy_builder_aaa080e0108cf02
709137b7eebb56ad1a_icgraph.pdf used on input line 74.
(pdftex.def)             Requested size: 350.0pt x 96.34174pt.
 [14 <./class_midnight_blue_1_1_galaxy_builder_aaa080e0108cf02709137b7eebb56ad1
a_icgraph.pdf>]) (./class_midnight_blue_1_1_galaxy_hud.tex
<class_midnight_blue_1_1_galaxy_hud__inherit__graph.pdf, id=1065, 206.7725pt x 
236.885pt>
File: class_midnight_blue_1_1_galaxy_hud__inherit__graph.pdf Graphic file (type
 pdf)
 <use class_midnight_blue_1_1_galaxy_hud__inherit__graph.pdf>
Package pdftex.def Info: class_midnight_blue_1_1_galaxy_hud__inherit__graph.pdf
 used on input line 14.
(pdftex.def)             Requested size: 206.0pt x 236.00607pt.

<class_midnight_blue_1_1_galaxy_hud__coll__graph.pdf, id=1066, 206.7725pt x 236
.885pt>
File: class_midnight_blue_1_1_galaxy_hud__coll__graph.pdf Graphic file (type pd
f)
 <use class_midnight_blue_1_1_galaxy_hud__coll__graph.pdf>
Package pdftex.def Info: class_midnight_blue_1_1_galaxy_hud__coll__graph.pdf us
ed on input line 23.
(pdftex.def)             Requested size: 206.0pt x 236.00607pt.
 [15 <./class_midnight_blue_1_1_galaxy_hud__inherit__graph.pdf>] [16 <./class_m
idnight_blue_1_1_galaxy_hud__coll__graph.pdf>]
<class_midnight_blue_1_1_galaxy_hud_aea2d04b212188a2e729ea327b7da0449_icgraph.p
df, id=1113, 420.57124pt x 109.40875pt>
File: class_midnight_blue_1_1_galaxy_hud_aea2d04b212188a2e729ea327b7da0449_icgr
aph.pdf Graphic file (type pdf)

<use class_midnight_blue_1_1_galaxy_hud_aea2d04b212188a2e729ea327b7da0449_icgra
ph.pdf>
Package pdftex.def Info: class_midnight_blue_1_1_galaxy_hud_aea2d04b212188a2e72
9ea327b7da0449_icgraph.pdf used on input line 78.
(pdftex.def)             Requested size: 350.0pt x 91.05128pt.
) (./class_midnight_blue_1_1_galaxy_render_system.tex
<class_midnight_blue_1_1_galaxy_render_system__inherit__graph.pdf, id=1114, 221
.82875pt x 256.96pt>
File: class_midnight_blue_1_1_galaxy_render_system__inherit__graph.pdf Graphic 
file (type pdf)

<use class_midnight_blue_1_1_galaxy_render_system__inherit__graph.pdf>
Package pdftex.def Info: class_midnight_blue_1_1_galaxy_render_system__inherit_
_graph.pdf used on input line 14.
(pdftex.def)             Requested size: 221.0pt x 255.99873pt.

<class_midnight_blue_1_1_galaxy_render_system__coll__graph.pdf, id=1115, 221.82
875pt x 256.96pt>
File: class_midnight_blue_1_1_galaxy_render_system__coll__graph.pdf Graphic fil
e (type pdf)

<use class_midnight_blue_1_1_galaxy_render_system__coll__graph.pdf>
Package pdftex.def Info: class_midnight_blue_1_1_galaxy_render_system__coll__gr
aph.pdf used on input line 23.
(pdftex.def)             Requested size: 221.0pt x 255.99873pt.
 [17 <./class_midnight_blue_1_1_galaxy_hud_aea2d04b212188a2e729ea327b7da0449_ic
graph.pdf> <./class_midnight_blue_1_1_galaxy_render_system__inherit__graph.pdf>
] [18 <./class_midnight_blue_1_1_galaxy_render_system__coll__graph.pdf>])
(./class_midnight_blue_1_1_galaxy_scene.tex
<class_midnight_blue_1_1_galaxy_scene__inherit__graph.pdf, id=1176, 216.81pt x 
297.11pt>
File: class_midnight_blue_1_1_galaxy_scene__inherit__graph.pdf Graphic file (ty
pe pdf)
 <use class_midnight_blue_1_1_galaxy_scene__inherit__graph.pdf>
Package pdftex.def Info: class_midnight_blue_1_1_galaxy_scene__inherit__graph.p
df used on input line 14.
(pdftex.def)             Requested size: 216.0pt x 296.01668pt.

[19]
<class_midnight_blue_1_1_galaxy_scene__coll__graph.pdf, id=1186, 216.81pt x 297
.11pt>
File: class_midnight_blue_1_1_galaxy_scene__coll__graph.pdf Graphic file (type 
pdf)
 <use class_midnight_blue_1_1_galaxy_scene__coll__graph.pdf>
Package pdftex.def Info: class_midnight_blue_1_1_galaxy_scene__coll__graph.pdf 
used on input line 23.
(pdftex.def)             Requested size: 216.0pt x 296.01668pt.
 [20 <./class_midnight_blue_1_1_galaxy_scene__inherit__graph.pdf> <./class_midn
ight_blue_1_1_galaxy_scene__coll__graph.pdf>] [21]
<class_midnight_blue_1_1_galaxy_scene_ab641e6727cdb64dc6487e9a229521692_cgraph.
pdf, id=1243, 397.485pt x 109.40875pt>
File: class_midnight_blue_1_1_galaxy_scene_ab641e6727cdb64dc6487e9a229521692_cg
raph.pdf Graphic file (type pdf)

<use class_midnight_blue_1_1_galaxy_scene_ab641e6727cdb64dc6487e9a229521692_cgr
aph.pdf>
Package pdftex.def Info: class_midnight_blue_1_1_galaxy_scene_ab641e6727cdb64dc
6487e9a229521692_cgraph.pdf used on input line 144.
(pdftex.def)             Requested size: 350.0pt x 96.34174pt.

<class_midnight_blue_1_1_galaxy_scene_a9dfa66406143ed20f4d534c768f05a78_cgraph.
pdf, id=1244, 420.57124pt x 109.40875pt>
File: class_midnight_blue_1_1_galaxy_scene_a9dfa66406143ed20f4d534c768f05a78_cg
raph.pdf Graphic file (type pdf)

<use class_midnight_blue_1_1_galaxy_scene_a9dfa66406143ed20f4d534c768f05a78_cgr
aph.pdf>
Package pdftex.def Info: class_midnight_blue_1_1_galaxy_scene_a9dfa66406143ed20
f4d534c768f05a78_cgraph.pdf used on input line 161.
(pdftex.def)             Requested size: 350.0pt x 91.05128pt.
 [22 <./class_midnight_blue_1_1_galaxy_scene_ab641e6727cdb64dc6487e9a229521692_
cgraph.pdf>]) (./class_midnight_blue_1_1_testing_1_1_gen_test.tex
<class_midnight_blue_1_1_testing_1_1_gen_test__coll__graph.pdf, id=1268, 228.85
5pt x 135.50626pt>
File: class_midnight_blue_1_1_testing_1_1_gen_test__coll__graph.pdf Graphic fil
e (type pdf)

<use class_midnight_blue_1_1_testing_1_1_gen_test__coll__graph.pdf>
Package pdftex.def Info: class_midnight_blue_1_1_testing_1_1_gen_test__coll__gr
aph.pdf used on input line 9.
(pdftex.def)             Requested size: 228.0pt x 135.00552pt.
)
(./class_midnight_blue_1_1_init_scene.tex
<class_midnight_blue_1_1_init_scene__inherit__graph.pdf, id=1269, 198.7425pt x 
297.11pt>
File: class_midnight_blue_1_1_init_scene__inherit__graph.pdf Graphic file (type
 pdf)
 <use class_midnight_blue_1_1_init_scene__inherit__graph.pdf>
Package pdftex.def Info: class_midnight_blue_1_1_init_scene__inherit__graph.pdf
 used on input line 14.
(pdftex.def)             Requested size: 198.0pt x 296.00761pt.
 [23 <./class_midnight_blue_1_1_galaxy_scene_a9dfa66406143ed20f4d534c768f05a78_
cgraph.pdf> <./class_midnight_blue_1_1_testing_1_1_gen_test__coll__graph.pdf>]
<class_midnight_blue_1_1_init_scene__coll__graph.pdf, id=1303, 198.7425pt x 297
.11pt>
File: class_midnight_blue_1_1_init_scene__coll__graph.pdf Graphic file (type pd
f)
 <use class_midnight_blue_1_1_init_scene__coll__graph.pdf>
Package pdftex.def Info: class_midnight_blue_1_1_init_scene__coll__graph.pdf us
ed on input line 23.
(pdftex.def)             Requested size: 198.0pt x 296.00761pt.

Underfull \vbox (badness 10000) has occurred while \output is active []

 [24 <./class_midnight_blue_1_1_init_scene__inherit__graph.pdf>] [25 <./class_m
idnight_blue_1_1_init_scene__coll__graph.pdf>] [26])
(./class_midnight_blue_1_1_land_command.tex
<class_midnight_blue_1_1_land_command__inherit__graph.pdf, id=1367, 225.84375pt
 x 236.885pt>
File: class_midnight_blue_1_1_land_command__inherit__graph.pdf Graphic file (ty
pe pdf)
 <use class_midnight_blue_1_1_land_command__inherit__graph.pdf>
Package pdftex.def Info: class_midnight_blue_1_1_land_command__inherit__graph.p
df used on input line 14.
(pdftex.def)             Requested size: 225.0pt x 236.01329pt.

<class_midnight_blue_1_1_land_command__coll__graph.pdf, id=1368, 225.84375pt x 
236.885pt>
File: class_midnight_blue_1_1_land_command__coll__graph.pdf Graphic file (type 
pdf)
 <use class_midnight_blue_1_1_land_command__coll__graph.pdf>
Package pdftex.def Info: class_midnight_blue_1_1_land_command__coll__graph.pdf 
used on input line 23.
(pdftex.def)             Requested size: 225.0pt x 236.01329pt.
 [27 <./class_midnight_blue_1_1_land_command__inherit__graph.pdf>]
Overfull \vbox (12.32307pt too high) has occurred while \output is active []


[28 <./class_midnight_blue_1_1_land_command__coll__graph.pdf>])
(./class_midnight_blue_1_1_launch_command.tex
<class_midnight_blue_1_1_launch_command__inherit__graph.pdf, id=1415, 236.885pt
 x 236.885pt>
File: class_midnight_blue_1_1_launch_command__inherit__graph.pdf Graphic file (
type pdf)
 <use class_midnight_blue_1_1_launch_command__inherit__graph.pdf>
Package pdftex.def Info: class_midnight_blue_1_1_launch_command__inherit__graph
.pdf used on input line 14.
(pdftex.def)             Requested size: 236.0pt x 236.00607pt.

<class_midnight_blue_1_1_launch_command__coll__graph.pdf, id=1416, 236.885pt x 
236.885pt>
File: class_midnight_blue_1_1_launch_command__coll__graph.pdf Graphic file (typ
e pdf)
 <use class_midnight_blue_1_1_launch_command__coll__graph.pdf>
Package pdftex.def Info: class_midnight_blue_1_1_launch_command__coll__graph.pd
f used on input line 23.
(pdftex.def)             Requested size: 236.0pt x 236.00607pt.

[29 <./class_midnight_blue_1_1_launch_command__inherit__graph.pdf>]
Overfull \vbox (12.31586pt too high) has occurred while \output is active []


[30 <./class_midnight_blue_1_1_launch_command__coll__graph.pdf>])
(./class_midnight_blue_1_1_leave_star_system.tex
<class_midnight_blue_1_1_leave_star_system__inherit__graph.pdf, id=1462, 236.88
5pt x 236.885pt>
File: class_midnight_blue_1_1_leave_star_system__inherit__graph.pdf Graphic fil
e (type pdf)

<use class_midnight_blue_1_1_leave_star_system__inherit__graph.pdf>
Package pdftex.def Info: class_midnight_blue_1_1_leave_star_system__inherit__gr
aph.pdf used on input line 9.
(pdftex.def)             Requested size: 236.0pt x 236.00607pt.

<class_midnight_blue_1_1_leave_star_system__coll__graph.pdf, id=1463, 236.885pt
 x 236.885pt>
File: class_midnight_blue_1_1_leave_star_system__coll__graph.pdf Graphic file (
type pdf)
 <use class_midnight_blue_1_1_leave_star_system__coll__graph.pdf>
Package pdftex.def Info: class_midnight_blue_1_1_leave_star_system__coll__graph
.pdf used on input line 18.
(pdftex.def)             Requested size: 236.0pt x 236.00607pt.

Underfull \vbox (badness 2310) has occurred while \output is active []

 [31 <./class_midnight_blue_1_1_leave_star_system__inherit__graph.pdf>]
<class_midnight_blue_1_1_leave_star_system_a6793d6a941afd58a9e9030d8aec1fe83_cg
raph.pdf, id=1484, 412.54124pt x 109.40875pt>
File: class_midnight_blue_1_1_leave_star_system_a6793d6a941afd58a9e9030d8aec1fe
83_cgraph.pdf Graphic file (type pdf)

<use class_midnight_blue_1_1_leave_star_system_a6793d6a941afd58a9e9030d8aec1fe8
3_cgraph.pdf>
Package pdftex.def Info: class_midnight_blue_1_1_leave_star_system_a6793d6a941a
fd58a9e9030d8aec1fe83_cgraph.pdf used on input line 56.
(pdftex.def)             Requested size: 350.0pt x 92.82423pt.

Underfull \vbox (badness 10000) has occurred while \output is active []

 [32 <./class_midnight_blue_1_1_leave_star_system__coll__graph.pdf>])
(./class_midnight_blue_1_1_length.tex
<class_midnight_blue_1_1_length__coll__graph.pdf, id=1508, 188.705pt x 185.6937
6pt>
File: class_midnight_blue_1_1_length__coll__graph.pdf Graphic file (type pdf)
 <use class_midnight_blue_1_1_length__coll__graph.pdf>
Package pdftex.def Info: class_midnight_blue_1_1_length__coll__graph.pdf used o
n input line 14.
(pdftex.def)             Requested size: 188.0pt x 184.9991pt.
 [33 <./class_midnight_blue_1_1_leave_star_system_a6793d6a941afd58a9e9030d8aec1
fe83_cgraph.pdf> <./class_midnight_blue_1_1_length__coll__graph.pdf>] [34])
(./class_midnight_blue_1_1_testing_1_1_map_test.tex
<class_midnight_blue_1_1_testing_1_1_map_test__inherit__graph.pdf, id=1566, 229
.85875pt x 297.11pt>
File: class_midnight_blue_1_1_testing_1_1_map_test__inherit__graph.pdf Graphic 
file (type pdf)

<use class_midnight_blue_1_1_testing_1_1_map_test__inherit__graph.pdf>
Package pdftex.def Info: class_midnight_blue_1_1_testing_1_1_map_test__inherit_
_graph.pdf used on input line 9.
(pdftex.def)             Requested size: 229.0pt x 296.01668pt.

<class_midnight_blue_1_1_testing_1_1_map_test__coll__graph.pdf, id=1567, 229.85
875pt x 297.11pt>
File: class_midnight_blue_1_1_testing_1_1_map_test__coll__graph.pdf Graphic fil
e (type pdf)

<use class_midnight_blue_1_1_testing_1_1_map_test__coll__graph.pdf>
Package pdftex.def Info: class_midnight_blue_1_1_testing_1_1_map_test__coll__gr
aph.pdf used on input line 18.
(pdftex.def)             Requested size: 229.0pt x 296.01668pt.
 [35]
[36 <./class_midnight_blue_1_1_testing_1_1_map_test__inherit__graph.pdf> <./cla
ss_midnight_blue_1_1_testing_1_1_map_test__coll__graph.pdf>])
(./class_midnight_blue_1_1_menu_command.tex
<class_midnight_blue_1_1_menu_command__inherit__graph.pdf, id=1606, 228.855pt x
 236.885pt>
File: class_midnight_blue_1_1_menu_command__inherit__graph.pdf Graphic file (ty
pe pdf)
 <use class_midnight_blue_1_1_menu_command__inherit__graph.pdf>
Package pdftex.def Info: class_midnight_blue_1_1_menu_command__inherit__graph.p
df used on input line 9.
(pdftex.def)             Requested size: 228.0pt x 236.00967pt.

<class_midnight_blue_1_1_menu_command__coll__graph.pdf, id=1607, 228.855pt x 23
6.885pt>
File: class_midnight_blue_1_1_menu_command__coll__graph.pdf Graphic file (type 
pdf)
 <use class_midnight_blue_1_1_menu_command__coll__graph.pdf>
Package pdftex.def Info: class_midnight_blue_1_1_menu_command__coll__graph.pdf 
used on input line 18.
(pdftex.def)             Requested size: 228.0pt x 236.00967pt.

Underfull \vbox (badness 1546) has occurred while \output is active []

 [37 <./class_midnight_blue_1_1_menu_command__inherit__graph.pdf>])
(./class_midnight_blue_1_1_menu_scene.tex
<class_midnight_blue_1_1_menu_scene__inherit__graph.pdf, id=1634, 210.7875pt x 
297.11pt>
File: class_midnight_blue_1_1_menu_scene__inherit__graph.pdf Graphic file (type
 pdf)
 <use class_midnight_blue_1_1_menu_scene__inherit__graph.pdf>
Package pdftex.def Info: class_midnight_blue_1_1_menu_scene__inherit__graph.pdf
 used on input line 9.
(pdftex.def)             Requested size: 210.0pt x 296.00761pt.

Underfull \vbox (badness 2269) has occurred while \output is active []

 [38 <./class_midnight_blue_1_1_menu_command__coll__graph.pdf>]
<class_midnight_blue_1_1_menu_scene__coll__graph.pdf, id=1657, 210.7875pt x 297
.11pt>
File: class_midnight_blue_1_1_menu_scene__coll__graph.pdf Graphic file (type pd
f)
 <use class_midnight_blue_1_1_menu_scene__coll__graph.pdf>
Package pdftex.def Info: class_midnight_blue_1_1_menu_scene__coll__graph.pdf us
ed on input line 18.
(pdftex.def)             Requested size: 210.0pt x 296.00761pt.
 [39 <./class_midnight_blue_1_1_menu_scene__inherit__graph.pdf> <./class_midnig
ht_blue_1_1_menu_scene__coll__graph.pdf>] [40]) (./class_midnight_blue_1_1_menu
_view.tex
<class_midnight_blue_1_1_menu_view__inherit__graph.pdf, id=1714, 203.76125pt x 
226.8475pt>
File: class_midnight_blue_1_1_menu_view__inherit__graph.pdf Graphic file (type 
pdf)
 <use class_midnight_blue_1_1_menu_view__inherit__graph.pdf>
Package pdftex.def Info: class_midnight_blue_1_1_menu_view__inherit__graph.pdf 
used on input line 9.
(pdftex.def)             Requested size: 203.0pt x 226.00928pt.

<class_midnight_blue_1_1_menu_view__coll__graph.pdf, id=1715, 203.76125pt x 226
.8475pt>
File: class_midnight_blue_1_1_menu_view__coll__graph.pdf Graphic file (type pdf
)
 <use class_midnight_blue_1_1_menu_view__coll__graph.pdf>
Package pdftex.def Info: class_midnight_blue_1_1_menu_view__coll__graph.pdf use
d on input line 18.
(pdftex.def)             Requested size: 203.0pt x 226.00928pt.
 [41 <./class_midnight_blue_1_1_menu_view__inherit__graph.pdf>])
(./class_midnight_blue_1_1_move_ship.tex
<class_midnight_blue_1_1_move_ship__inherit__graph.pdf, id=1736, 201.75375pt x 
236.885pt>
File: class_midnight_blue_1_1_move_ship__inherit__graph.pdf Graphic file (type 
pdf)
 <use class_midnight_blue_1_1_move_ship__inherit__graph.pdf>
Package pdftex.def Info: class_midnight_blue_1_1_move_ship__inherit__graph.pdf 
used on input line 14.
(pdftex.def)             Requested size: 201.0pt x 236.00246pt.
 [42 <./class_midnight_blue_1_1_menu_view__coll__graph.pdf>]
<class_midnight_blue_1_1_move_ship__coll__graph.pdf, id=1758, 201.75375pt x 236
.885pt>
File: class_midnight_blue_1_1_move_ship__coll__graph.pdf Graphic file (type pdf
)
 <use class_midnight_blue_1_1_move_ship__coll__graph.pdf>
Package pdftex.def Info: class_midnight_blue_1_1_move_ship__coll__graph.pdf use
d on input line 23.
(pdftex.def)             Requested size: 201.0pt x 236.00246pt.
 [43 <./class_midnight_blue_1_1_move_ship__inherit__graph.pdf> <./class_midnigh
t_blue_1_1_move_ship__coll__graph.pdf>]
<class_midnight_blue_1_1_move_ship_ac4b3dcb62954548f27bad5e5d6a00cdf_icgraph.pd
f, id=1796, 412.54124pt x 109.40875pt>
File: class_midnight_blue_1_1_move_ship_ac4b3dcb62954548f27bad5e5d6a00cdf_icgra
ph.pdf Graphic file (type pdf)

<use class_midnight_blue_1_1_move_ship_ac4b3dcb62954548f27bad5e5d6a00cdf_icgrap
h.pdf>
Package pdftex.def Info: class_midnight_blue_1_1_move_ship_ac4b3dcb62954548f27b
ad5e5d6a00cdf_icgraph.pdf used on input line 83.
(pdftex.def)             Requested size: 350.0pt x 92.82423pt.
) (./class_midnight_blue_1_1_noise_map.tex [44 <./class_midnight_blue_1_1_move_
ship_ac4b3dcb62954548f27bad5e5d6a00cdf_icgraph.pdf>]
<class_midnight_blue_1_1_noise_map__coll__graph.pdf, id=1818, 202.7575pt x 205.
76875pt>
File: class_midnight_blue_1_1_noise_map__coll__graph.pdf Graphic file (type pdf
)
 <use class_midnight_blue_1_1_noise_map__coll__graph.pdf>
Package pdftex.def Info: class_midnight_blue_1_1_noise_map__coll__graph.pdf use
d on input line 14.
(pdftex.def)             Requested size: 202.0pt x 205.00526pt.
LaTeX Font Info:    Font shape `T1/phv/bc/n' will be
(Font)              scaled to size 7.19995pt on input line 52.


LaTeX Font Warning: Font shape `T1/pcr/bc/n' undefined
(Font)              using `T1/pcr/m/n' instead on input line 52.

[45 <./class_midnight_blue_1_1_noise_map__coll__graph.pdf>]
Underfull \hbox (badness 10000) detected at line 98
[][][]
 []

[46]
<class_midnight_blue_1_1_noise_map_a70d9e8d99e157143eb3d1dbc3895cb9a_icgraph.pd
f, id=1866, 603.25375pt x 109.40875pt>
File: class_midnight_blue_1_1_noise_map_a70d9e8d99e157143eb3d1dbc3895cb9a_icgra
ph.pdf Graphic file (type pdf)

<use class_midnight_blue_1_1_noise_map_a70d9e8d99e157143eb3d1dbc3895cb9a_icgrap
h.pdf>
Package pdftex.def Info: class_midnight_blue_1_1_noise_map_a70d9e8d99e157143eb3
d1dbc3895cb9a_icgraph.pdf used on input line 112.
(pdftex.def)             Requested size: 350.0pt x 63.47713pt.

Underfull \hbox (badness 10000) detected at line 125
[][][]
 []


<class_midnight_blue_1_1_noise_map_a26d94cbea4c0377833bed064cbd36496_icgraph.pd
f, id=1867, 394.47375pt x 109.40875pt>
File: class_midnight_blue_1_1_noise_map_a26d94cbea4c0377833bed064cbd36496_icgra
ph.pdf Graphic file (type pdf)

<use class_midnight_blue_1_1_noise_map_a26d94cbea4c0377833bed064cbd36496_icgrap
h.pdf>
Package pdftex.def Info: class_midnight_blue_1_1_noise_map_a26d94cbea4c0377833b
ed064cbd36496_icgraph.pdf used on input line 139.
(pdftex.def)             Requested size: 350.0pt x 97.07463pt.
 [47 <./class_midnight_blue_1_1_noise_map_a70d9e8d99e157143eb3d1dbc3895cb9a_icg
raph.pdf> <./class_midnight_blue_1_1_noise_map_a26d94cbea4c0377833bed064cbd3649
6_icgraph.pdf>]) (./class_midnight_blue_1_1_planet.tex
<class_midnight_blue_1_1_planet__coll__graph.pdf, id=1903, 194.7275pt x 215.806
24pt>
File: class_midnight_blue_1_1_planet__coll__graph.pdf Graphic file (type pdf)
 <use class_midnight_blue_1_1_planet__coll__graph.pdf>
Package pdftex.def Info: class_midnight_blue_1_1_planet__coll__graph.pdf used o
n input line 14.
(pdftex.def)             Requested size: 194.0pt x 215.00882pt.
 [48 <./class_midnight_blue_1_1_planet__coll__graph.pdf>] [49]
<class_midnight_blue_1_1_planet_ae39b013905369f01902b4f28d4fc031e_cgraph.pdf, i
d=1958, 394.47375pt x 109.40875pt>
File: class_midnight_blue_1_1_planet_ae39b013905369f01902b4f28d4fc031e_cgraph.p
df Graphic file (type pdf)

<use class_midnight_blue_1_1_planet_ae39b013905369f01902b4f28d4fc031e_cgraph.pd
f>
Package pdftex.def Info: class_midnight_blue_1_1_planet_ae39b013905369f01902b4f
28d4fc031e_cgraph.pdf used on input line 90.
(pdftex.def)             Requested size: 350.0pt x 97.07463pt.

<class_midnight_blue_1_1_planet_ac7264aea3a992afb4cab0ad99c96dbb8_cgraph.pdf, i
d=1959, 407.5225pt x 109.40875pt>
File: class_midnight_blue_1_1_planet_ac7264aea3a992afb4cab0ad99c96dbb8_cgraph.p
df Graphic file (type pdf)

<use class_midnight_blue_1_1_planet_ac7264aea3a992afb4cab0ad99c96dbb8_cgraph.pd
f>
Package pdftex.def Info: class_midnight_blue_1_1_planet_ac7264aea3a992afb4cab0a
d99c96dbb8_cgraph.pdf used on input line 112.
(pdftex.def)             Requested size: 350.0pt x 93.96947pt.

<class_midnight_blue_1_1_planet_ac7264aea3a992afb4cab0ad99c96dbb8_icgraph.pdf, 
id=1960, 426.59375pt x 109.40875pt>
File: class_midnight_blue_1_1_planet_ac7264aea3a992afb4cab0ad99c96dbb8_icgraph.
pdf Graphic file (type pdf)

<use class_midnight_blue_1_1_planet_ac7264aea3a992afb4cab0ad99c96dbb8_icgraph.p
df>
Package pdftex.def Info: class_midnight_blue_1_1_planet_ac7264aea3a992afb4cab0a
d99c96dbb8_icgraph.pdf used on input line 119.
(pdftex.def)             Requested size: 350.0pt x 89.77083pt.

Underfull \vbox (badness 10000) has occurred while \output is active []

 [50 <./class_midnight_blue_1_1_planet_ae39b013905369f01902b4f28d4fc031e_cgraph
.pdf> <./class_midnight_blue_1_1_planet_ac7264aea3a992afb4cab0ad99c96dbb8_cgrap
h.pdf>]
Underfull \hbox (badness 10000) detected at line 132
[][][]
 []


<class_midnight_blue_1_1_planet_ac3b3442ad8f168a8d9151386592eb270_icgraph.pdf, 
id=1994, 443.6575pt x 109.40875pt>
File: class_midnight_blue_1_1_planet_ac3b3442ad8f168a8d9151386592eb270_icgraph.
pdf Graphic file (type pdf)

<use class_midnight_blue_1_1_planet_ac3b3442ad8f168a8d9151386592eb270_icgraph.p
df>
Package pdftex.def Info: class_midnight_blue_1_1_planet_ac3b3442ad8f168a8d91513
86592eb270_icgraph.pdf used on input line 144.
(pdftex.def)             Requested size: 350.0pt x 86.31174pt.
 [51 <./class_midnight_blue_1_1_planet_ac7264aea3a992afb4cab0ad99c96dbb8_icgrap
h.pdf> <./class_midnight_blue_1_1_planet_ac3b3442ad8f168a8d9151386592eb270_icgr
aph.pdf>]) (./class_midnight_blue_1_1_planet_component.tex
<class_midnight_blue_1_1_planet_component__inherit__graph.pdf, id=2033, 237.888
75pt x 226.8475pt>
File: class_midnight_blue_1_1_planet_component__inherit__graph.pdf Graphic file
 (type pdf)

<use class_midnight_blue_1_1_planet_component__inherit__graph.pdf>
Package pdftex.def Info: class_midnight_blue_1_1_planet_component__inherit__gra
ph.pdf used on input line 14.
(pdftex.def)             Requested size: 237.0pt x 226.00928pt.

<class_midnight_blue_1_1_planet_component__coll__graph.pdf, id=2034, 237.88875p
t x 226.8475pt>
File: class_midnight_blue_1_1_planet_component__coll__graph.pdf Graphic file (t
ype pdf)

<use class_midnight_blue_1_1_planet_component__coll__graph.pdf>
Package pdftex.def Info: class_midnight_blue_1_1_planet_component__coll__graph.
pdf used on input line 23.
(pdftex.def)             Requested size: 237.0pt x 226.00928pt.
 [52 <./class_midnight_blue_1_1_planet_component__inherit__graph.pdf>])
(./class_midnight_blue_1_1_planet_metadata.tex
<class_midnight_blue_1_1_planet_metadata__inherit__graph.pdf, id=2060, 227.8512
6pt x 327.2225pt>
File: class_midnight_blue_1_1_planet_metadata__inherit__graph.pdf Graphic file 
(type pdf)

<use class_midnight_blue_1_1_planet_metadata__inherit__graph.pdf>
Package pdftex.def Info: class_midnight_blue_1_1_planet_metadata__inherit__grap
h.pdf used on input line 14.
(pdftex.def)             Requested size: 227.0pt x 326.00839pt.
 [53 <./class_midnight_blue_1_1_planet_component__coll__graph.pdf>]
<class_midnight_blue_1_1_planet_metadata__coll__graph.pdf, id=2081, 227.85126pt
 x 327.2225pt>
File: class_midnight_blue_1_1_planet_metadata__coll__graph.pdf Graphic file (ty
pe pdf)
 <use class_midnight_blue_1_1_planet_metadata__coll__graph.pdf>
Package pdftex.def Info: class_midnight_blue_1_1_planet_metadata__coll__graph.p
df used on input line 23.
(pdftex.def)             Requested size: 227.0pt x 326.00839pt.

Underfull \vbox (badness 10000) has occurred while \output is active []

 [54 <./class_midnight_blue_1_1_planet_metadata__inherit__graph.pdf>] [55 <./cl
ass_midnight_blue_1_1_planet_metadata__coll__graph.pdf>] [56])
(./class_midnight_blue_1_1_planet_scene.tex
<class_midnight_blue_1_1_planet_scene__inherit__graph.pdf, id=2155, 213.79875pt
 x 297.11pt>
File: class_midnight_blue_1_1_planet_scene__inherit__graph.pdf Graphic file (ty
pe pdf)
 <use class_midnight_blue_1_1_planet_scene__inherit__graph.pdf>
Package pdftex.def Info: class_midnight_blue_1_1_planet_scene__inherit__graph.p
df used on input line 14.
(pdftex.def)             Requested size: 213.0pt x 295.99855pt.

[57]
<class_midnight_blue_1_1_planet_scene__coll__graph.pdf, id=2166, 213.79875pt x 
297.11pt>
File: class_midnight_blue_1_1_planet_scene__coll__graph.pdf Graphic file (type 
pdf)
 <use class_midnight_blue_1_1_planet_scene__coll__graph.pdf>
Package pdftex.def Info: class_midnight_blue_1_1_planet_scene__coll__graph.pdf 
used on input line 23.
(pdftex.def)             Requested size: 213.0pt x 295.99855pt.

Underfull \vbox (badness 10000) has occurred while \output is active []

 [58 <./class_midnight_blue_1_1_planet_scene__inherit__graph.pdf>] [59 <./class
_midnight_blue_1_1_planet_scene__coll__graph.pdf>] [60])
(./class_midnight_blue_1_1_planet_tile.tex
<class_midnight_blue_1_1_planet_tile__inherit__graph.pdf, id=2235, 201.75375pt 
x 277.035pt>
File: class_midnight_blue_1_1_planet_tile__inherit__graph.pdf Graphic file (typ
e pdf)
 <use class_midnight_blue_1_1_planet_tile__inherit__graph.pdf>
Package pdftex.def Info: class_midnight_blue_1_1_planet_tile__inherit__graph.pd
f used on input line 14.
(pdftex.def)             Requested size: 201.0pt x 276.00287pt.

<class_midnight_blue_1_1_planet_tile__coll__graph.pdf, id=2236, 201.75375pt x 2
77.035pt>
File: class_midnight_blue_1_1_planet_tile__coll__graph.pdf Graphic file (type p
df)
 <use class_midnight_blue_1_1_planet_tile__coll__graph.pdf>
Package pdftex.def Info: class_midnight_blue_1_1_planet_tile__coll__graph.pdf u
sed on input line 23.
(pdftex.def)             Requested size: 201.0pt x 276.00287pt.
 [61 <./class_midnight_blue_1_1_planet_tile__inherit__graph.pdf>] [62 <./class_
midnight_blue_1_1_planet_tile__coll__graph.pdf>]
<class_midnight_blue_1_1_planet_tile_aa8fd125394504682bd0c2f2d9d28622b_cgraph.p
df, id=2296, 364.36125pt x 156.585pt>
File: class_midnight_blue_1_1_planet_tile_aa8fd125394504682bd0c2f2d9d28622b_cgr
aph.pdf Graphic file (type pdf)

<use class_midnight_blue_1_1_planet_tile_aa8fd125394504682bd0c2f2d9d28622b_cgra
ph.pdf>
Package pdftex.def Info: class_midnight_blue_1_1_planet_tile_aa8fd125394504682b
d0c2f2d9d28622b_cgraph.pdf used on input line 79.
(pdftex.def)             Requested size: 350.0pt x 150.41785pt.

Underfull \hbox (badness 10000) detected at line 95
[][][]
 []


Overfull \vbox (5.4428pt too high) has occurred while \output is active []


[63 <./class_midnight_blue_1_1_planet_tile_aa8fd125394504682bd0c2f2d9d28622b_cg
raph.pdf>]
<class_midnight_blue_1_1_planet_tile_a0efc70f73aaf5a252cfe6b96deb9aa22_icgraph.
pdf, id=2320, 364.36125pt x 109.40875pt>
File: class_midnight_blue_1_1_planet_tile_a0efc70f73aaf5a252cfe6b96deb9aa22_icg
raph.pdf Graphic file (type pdf)

<use class_midnight_blue_1_1_planet_tile_a0efc70f73aaf5a252cfe6b96deb9aa22_icgr
aph.pdf>
Package pdftex.def Info: class_midnight_blue_1_1_planet_tile_a0efc70f73aaf5a252
cfe6b96deb9aa22_icgraph.pdf used on input line 107.
(pdftex.def)             Requested size: 350.0pt x 105.09962pt.

Underfull \hbox (badness 10000) detected at line 120
[][][]
 []


<class_midnight_blue_1_1_planet_tile_a0ba5d9886790e8f8d9e54e1873d5565b_icgraph.
pdf, id=2322, 364.36125pt x 109.40875pt>
File: class_midnight_blue_1_1_planet_tile_a0ba5d9886790e8f8d9e54e1873d5565b_icg
raph.pdf Graphic file (type pdf)

<use class_midnight_blue_1_1_planet_tile_a0ba5d9886790e8f8d9e54e1873d5565b_icgr
aph.pdf>
Package pdftex.def Info: class_midnight_blue_1_1_planet_tile_a0ba5d9886790e8f8d
9e54e1873d5565b_icgraph.pdf used on input line 134.
(pdftex.def)             Requested size: 350.0pt x 105.09962pt.
 [64 <./class_midnight_blue_1_1_planet_tile_a0efc70f73aaf5a252cfe6b96deb9aa22_i
cgraph.pdf> <./class_midnight_blue_1_1_planet_tile_a0ba5d9886790e8f8d9e54e1873d
5565b_icgraph.pdf>]) (./class_midnight_blue_1_1_ship_controller.tex
<class_midnight_blue_1_1_ship_controller__inherit__graph.pdf, id=2361, 220.825p
t x 246.9225pt>
File: class_midnight_blue_1_1_ship_controller__inherit__graph.pdf Graphic file 
(type pdf)

<use class_midnight_blue_1_1_ship_controller__inherit__graph.pdf>
Package pdftex.def Info: class_midnight_blue_1_1_ship_controller__inherit__grap
h.pdf used on input line 14.
(pdftex.def)             Requested size: 220.0pt x 246.01007pt.

<class_midnight_blue_1_1_ship_controller__coll__graph.pdf, id=2362, 220.825pt x
 246.9225pt>
File: class_midnight_blue_1_1_ship_controller__coll__graph.pdf Graphic file (ty
pe pdf)
 <use class_midnight_blue_1_1_ship_controller__coll__graph.pdf>
Package pdftex.def Info: class_midnight_blue_1_1_ship_controller__coll__graph.p
df used on input line 23.
(pdftex.def)             Requested size: 220.0pt x 246.01007pt.

[65 <./class_midnight_blue_1_1_ship_controller__inherit__graph.pdf>] [66 <./cla
ss_midnight_blue_1_1_ship_controller__coll__graph.pdf>])
(./class_midnight_blue_1_1_ship_input_system.tex
<class_midnight_blue_1_1_ship_input_system__inherit__graph.pdf, id=2415, 232.87
pt x 236.885pt>
File: class_midnight_blue_1_1_ship_input_system__inherit__graph.pdf Graphic fil
e (type pdf)

<use class_midnight_blue_1_1_ship_input_system__inherit__graph.pdf>
Package pdftex.def Info: class_midnight_blue_1_1_ship_input_system__inherit__gr
aph.pdf used on input line 14.
(pdftex.def)             Requested size: 232.0pt x 236.00967pt.

<class_midnight_blue_1_1_ship_input_system__coll__graph.pdf, id=2416, 232.87pt 
x 236.885pt>
File: class_midnight_blue_1_1_ship_input_system__coll__graph.pdf Graphic file (
type pdf)
 <use class_midnight_blue_1_1_ship_input_system__coll__graph.pdf>
Package pdftex.def Info: class_midnight_blue_1_1_ship_input_system__coll__graph
.pdf used on input line 23.
(pdftex.def)             Requested size: 232.0pt x 236.00967pt.

[67 <./class_midnight_blue_1_1_ship_input_system__inherit__graph.pdf>] [68 <./c
lass_midnight_blue_1_1_ship_input_system__coll__graph.pdf>])
(./class_midnight_blue_1_1_star_system.tex
<class_midnight_blue_1_1_star_system__inherit__graph.pdf, id=2463, 208.78pt x 2
97.11pt>
File: class_midnight_blue_1_1_star_system__inherit__graph.pdf Graphic file (typ
e pdf)
 <use class_midnight_blue_1_1_star_system__inherit__graph.pdf>
Package pdftex.def Info: class_midnight_blue_1_1_star_system__inherit__graph.pd
f used on input line 14.
(pdftex.def)             Requested size: 208.0pt x 296.01668pt.

<class_midnight_blue_1_1_star_system__coll__graph.pdf, id=2464, 208.78pt x 297.
11pt>
File: class_midnight_blue_1_1_star_system__coll__graph.pdf Graphic file (type p
df)
 <use class_midnight_blue_1_1_star_system__coll__graph.pdf>
Package pdftex.def Info: class_midnight_blue_1_1_star_system__coll__graph.pdf u
sed on input line 23.
(pdftex.def)             Requested size: 208.0pt x 296.01668pt.

Underfull \vbox (badness 2913) has occurred while \output is active []

 [69 <./class_midnight_blue_1_1_star_system__inherit__graph.pdf>] [70 <./class_
midnight_blue_1_1_star_system__coll__graph.pdf>] [71])
(./class_midnight_blue_1_1_star_system_hud.tex
<class_midnight_blue_1_1_star_system_hud__inherit__graph.pdf, id=2533, 227.8512
6pt x 226.8475pt>
File: class_midnight_blue_1_1_star_system_hud__inherit__graph.pdf Graphic file 
(type pdf)

<use class_midnight_blue_1_1_star_system_hud__inherit__graph.pdf>
Package pdftex.def Info: class_midnight_blue_1_1_star_system_hud__inherit__grap
h.pdf used on input line 14.
(pdftex.def)             Requested size: 227.0pt x 226.00581pt.

<class_midnight_blue_1_1_star_system_hud__coll__graph.pdf, id=2534, 227.85126pt
 x 226.8475pt>
File: class_midnight_blue_1_1_star_system_hud__coll__graph.pdf Graphic file (ty
pe pdf)
 <use class_midnight_blue_1_1_star_system_hud__coll__graph.pdf>
Package pdftex.def Info: class_midnight_blue_1_1_star_system_hud__coll__graph.p
df used on input line 23.
(pdftex.def)             Requested size: 227.0pt x 226.00581pt.

[72 <./class_midnight_blue_1_1_star_system_hud__inherit__graph.pdf>])
(./class_midnight_blue_1_1_star_system_scene.tex [73 <./class_midnight_blue_1_1
_star_system_hud__coll__graph.pdf>]
<class_midnight_blue_1_1_star_system_scene__inherit__graph.pdf, id=2578, 237.88
875pt x 307.1475pt>
File: class_midnight_blue_1_1_star_system_scene__inherit__graph.pdf Graphic fil
e (type pdf)

<use class_midnight_blue_1_1_star_system_scene__inherit__graph.pdf>
Package pdftex.def Info: class_midnight_blue_1_1_star_system_scene__inherit__gr
aph.pdf used on input line 14.
(pdftex.def)             Requested size: 237.0pt x 306.01256pt.

<class_midnight_blue_1_1_star_system_scene__coll__graph.pdf, id=2579, 237.88875
pt x 307.1475pt>
File: class_midnight_blue_1_1_star_system_scene__coll__graph.pdf Graphic file (
type pdf)

<use class_midnight_blue_1_1_star_system_scene__coll__graph.pdf>
Package pdftex.def Info: class_midnight_blue_1_1_star_system_scene__coll__graph
.pdf used on input line 23.
(pdftex.def)             Requested size: 237.0pt x 306.01256pt.

Underfull \vbox (badness 10000) has occurred while \output is active []

 [74 <./class_midnight_blue_1_1_star_system_scene__inherit__graph.pdf>] [75 <./
class_midnight_blue_1_1_star_system_scene__coll__graph.pdf>]
<class_midnight_blue_1_1_star_system_scene_ac3d90fb8d914d15b912f5da3cc1aa8a0_cg
raph.pdf, id=2641, 459.7175pt x 156.585pt>
File: class_midnight_blue_1_1_star_system_scene_ac3d90fb8d914d15b912f5da3cc1aa8
a0_cgraph.pdf Graphic file (type pdf)

<use class_midnight_blue_1_1_star_system_scene_ac3d90fb8d914d15b912f5da3cc1aa8a
0_cgraph.pdf>
Package pdftex.def Info: class_midnight_blue_1_1_star_system_scene_ac3d90fb8d91
4d15b912f5da3cc1aa8a0_cgraph.pdf used on input line 102.
(pdftex.def)             Requested size: 350.0pt x 119.22086pt.

Underfull \vbox (badness 10000) has occurred while \output is active []

 [76]
<class_midnight_blue_1_1_star_system_scene_a8ce5e552f65d43e0326644e069dc6c24_ic
graph.pdf, id=2650, 459.7175pt x 109.40875pt>
File: class_midnight_blue_1_1_star_system_scene_a8ce5e552f65d43e0326644e069dc6c
24_icgraph.pdf Graphic file (type pdf)

<use class_midnight_blue_1_1_star_system_scene_a8ce5e552f65d43e0326644e069dc6c2
4_icgraph.pdf>
Package pdftex.def Info: class_midnight_blue_1_1_star_system_scene_a8ce5e552f65
d43e0326644e069dc6c24_icgraph.pdf used on input line 124.
(pdftex.def)             Requested size: 350.0pt x 83.30174pt.
 [77 <./class_midnight_blue_1_1_star_system_scene_ac3d90fb8d914d15b912f5da3cc1a
a8a0_cgraph.pdf> <./class_midnight_blue_1_1_star_system_scene_a8ce5e552f65d43e0
326644e069dc6c24_icgraph.pdf>]
<class_midnight_blue_1_1_star_system_scene_aefbf0750a7ce153b923bcabb132e4875_cg
raph.pdf, id=2687, 603.25375pt x 109.40875pt>
File: class_midnight_blue_1_1_star_system_scene_aefbf0750a7ce153b923bcabb132e48
75_cgraph.pdf Graphic file (type pdf)

<use class_midnight_blue_1_1_star_system_scene_aefbf0750a7ce153b923bcabb132e487
5_cgraph.pdf>
Package pdftex.def Info: class_midnight_blue_1_1_star_system_scene_aefbf0750a7c
e153b923bcabb132e4875_cgraph.pdf used on input line 181.
(pdftex.def)             Requested size: 350.0pt x 63.47713pt.
) (./class_midnight_blue_1_1_title_scene.tex
<class_midnight_blue_1_1_title_scene__inherit__graph.pdf, id=2688, 203.76125pt 
x 297.11pt>
File: class_midnight_blue_1_1_title_scene__inherit__graph.pdf Graphic file (typ
e pdf)
 <use class_midnight_blue_1_1_title_scene__inherit__graph.pdf>
Package pdftex.def Info: class_midnight_blue_1_1_title_scene__inherit__graph.pd
f used on input line 14.
(pdftex.def)             Requested size: 203.0pt x 296.01215pt.

[78 <./class_midnight_blue_1_1_star_system_scene_aefbf0750a7ce153b923bcabb132e4
875_cgraph.pdf>]
<class_midnight_blue_1_1_title_scene__coll__graph.pdf, id=2709, 203.76125pt x 2
97.11pt>
File: class_midnight_blue_1_1_title_scene__coll__graph.pdf Graphic file (type p
df)
 <use class_midnight_blue_1_1_title_scene__coll__graph.pdf>
Package pdftex.def Info: class_midnight_blue_1_1_title_scene__coll__graph.pdf u
sed on input line 23.
(pdftex.def)             Requested size: 203.0pt x 296.01215pt.
 [79 <./class_midnight_blue_1_1_title_scene__inherit__graph.pdf> <./class_midni
ght_blue_1_1_title_scene__coll__graph.pdf>] [80]) (./class_midnight_blue_1_1_ti
tle_view.tex
<class_midnight_blue_1_1_title_view__inherit__graph.pdf, id=2764, 197.73875pt x
 226.8475pt>
File: class_midnight_blue_1_1_title_view__inherit__graph.pdf Graphic file (type
 pdf)
 <use class_midnight_blue_1_1_title_view__inherit__graph.pdf>
Package pdftex.def Info: class_midnight_blue_1_1_title_view__inherit__graph.pdf
 used on input line 14.
(pdftex.def)             Requested size: 197.0pt x 226.00235pt.

[81]
<class_midnight_blue_1_1_title_view__coll__graph.pdf, id=2778, 197.73875pt x 22
6.8475pt>
File: class_midnight_blue_1_1_title_view__coll__graph.pdf Graphic file (type pd
f)
 <use class_midnight_blue_1_1_title_view__coll__graph.pdf>
Package pdftex.def Info: class_midnight_blue_1_1_title_view__coll__graph.pdf us
ed on input line 23.
(pdftex.def)             Requested size: 197.0pt x 226.00235pt.
 [82 <./class_midnight_blue_1_1_title_view__inherit__graph.pdf> <./class_midnig
ht_blue_1_1_title_view__coll__graph.pdf>]) [83] [84

]
No file refman.ind.
Package atveryend Info: Empty hook `BeforeClearDocument' on input line 185.
Package atveryend Info: Empty hook `AfterLastShipout' on input line 185.
(./refman.aux)
Package atveryend Info: Executing hook `AtVeryEndDocument' on input line 185.
Package atveryend Info: Executing hook `AtEndAfterFileList' on input line 185.
Package rerunfilecheck Info: File `refman.out' has not changed.
(rerunfilecheck)             Checksum: 1B2F9F0ABEE16D62CCA5E3F1EBF9D4CE;29681.


LaTeX Font Warning: Some font shapes were not available, defaults substituted.


LaTeX Warning: Label(s) may have changed. Rerun to get cross-references right.

Package atveryend Info: Empty hook `AtVeryVeryEnd' on input line 185.
 ) 
Here is how much of TeX's memory you used:
 16383 strings out of 493013
 277048 string characters out of 6133342
 341396 words of memory out of 5000000
 18801 multiletter control sequences out of 15000+600000
 55819 words of font info for 79 fonts, out of 8000000 for 9000
 1141 hyphenation exceptions out of 8191
 53i,16n,92p,710b,630s stack positions out of 5000i,500n,10000p,200000b,80000s
{/usr/local/texlive/2016/texmf-dist/fonts/enc/dvips/base/8r.enc}</usr/local/t
exlive/2016/texmf-dist/fonts/type1/public/amsfonts/cm/cmmi10.pfb></usr/local/te
xlive/2016/texmf-dist/fonts/type1/public/amsfonts/cm/cmmi7.pfb></usr/local/texl
ive/2016/texmf-dist/fonts/type1/public/amsfonts/cm/cmmi8.pfb></usr/local/texliv
e/2016/texmf-dist/fonts/type1/public/amsfonts/cm/cmsy7.pfb></usr/local/texlive/
2016/texmf-dist/fonts/type1/urw/courier/ucrr8a.pfb></usr/local/texlive/2016/tex
mf-dist/fonts/type1/urw/courier/ucrro8a.pfb></usr/local/texlive/2016/texmf-dist
/fonts/type1/urw/helvetic/uhvb8a.pfb></usr/local/texlive/2016/texmf-dist/fonts/
type1/urw/helvetic/uhvb8ac.pfb></usr/local/texlive/2016/texmf-dist/fonts/type1/
urw/helvetic/uhvr8a.pfb></usr/local/texlive/2016/texmf-dist/fonts/type1/urw/hel
vetic/uhvro8a.pfb>
Output written on refman.pdf (88 pages, 1112478 bytes).
PDF statistics:
 3014 PDF objects out of 3580 (max. 8388607)
 2664 compressed objects within 27 object streams
 733 named destinations out of 1000 (max. 500000)
 1294 words of extra memory for PDF output out of 10000 (max. 10000000)

